#
# A fatal error has been detected by the Java Runtime Environment:
#
#  SIGSEGV (0xb) at pc=0x00007f07842f7db5, pid=6628, tid=0x00007f078af90b80
#
# JRE version: OpenJDK Runtime Environment (8.0_222-b10) (build 1.8.0_222-8u222-b10-1ubuntu1~18.04.1-b10)
# Java VM: OpenJDK 64-Bit Server VM (25.222-b10 mixed mode linux-amd64 compressed oops)
# Problematic frame:
# C  [nodejavabridge_bindings.node+0x21db5]  getSystemClassLoader(JNIEnv_*)+0x15
#
# Failed to write core dump. Core dumps have been disabled. To enable core dumping, try "ulimit -c unlimited" before starting Java again
#
# If you would like to submit a bug report, please visit:
#   http://bugreport.java.com/bugreport/crash.jsp
# The crash happened outside the Java Virtual Machine in native code.
# See problematic frame for where to report the bug.
#

---------------  T H R E A D  ---------------

Current thread (0x00005560ee60d000):  JavaThread "main" [_thread_in_native, id=6628, stack(0x00007ffd98fe9000,0x00007ffd990e9000)]

siginfo: si_signo: 11 (SIGSEGV), si_code: 1 (SEGV_MAPERR), si_addr: 0x0000000000000000

Registers:
RAX=0x0000000000000000, RBX=0x0000000000000000, RCX=0x0000000000000004, RDX=0x00005560ee41a010
RSP=0x00007ffd990e1280, RBP=0x00007ffd990e12a0, RSI=0x00007f07842ff200, RDI=0x0000000000000000
R8 =0xffffffffffffffe0, R9 =0x0000000000000000, R10=0x0000000000000009, R11=0x00007f07842f7da0
R12=0x00007ffd990e1360, R13=0x00005560ee486258, R14=0x00005560ee4f91d0, R15=0x00007ffd990e1320
RIP=0x00007f07842f7db5, EFLAGS=0x0000000000010202, CSGSFS=0x002b000000000033, ERR=0x0000000000000004
  TRAPNO=0x000000000000000e

Top of Stack: (sp=0x00007ffd990e1280)
0x00007ffd990e1280:   00005560ee61c360 00007ffd990e1360
0x00007ffd990e1290:   00005560ee486258 00005560ee4f91d0
0x00007ffd990e12a0:   00007ffd990e1510 00007f07842e4d06
0x00007ffd990e12b0:   3ff0000000000000 0000000100000000
0x00007ffd990e12c0:   00007ffd990e1360 00005560ee61c360
0x00007ffd990e12d0:   00007ffd990e1310 00005560ee4f91d0
0x00007ffd990e12e0:   00005560ee4f91c8 00007f0788ff7c38
0x00007ffd990e12f0:   00007f0788ff7c10 00005560ee4f91b0
0x00007ffd990e1300:   00005560ee486108 0000000000000000
0x00007ffd990e1310:   00005560ee544490 0000000000000060
0x00007ffd990e1320:   0000000100010008 00005560ee61c360
0x00007ffd990e1330:   00007ffd990e1300 00005560ed3bb502
0x00007ffd990e1340:   00005560f03e9130 00000000000001cf
0x00007ffd990e1350:   00000000000001cf 0000000000000140
0x00007ffd990e1360:   00007f0788ff7c80 00007f0788ff7ac8
0x00007ffd990e1370:   00007f07780016f0 00007f07780016f0
0x00007ffd990e1380:   00007f07780016f0 00007f07780016e0
0x00007ffd990e1390:   00007f07780018af 00007f07780018e0
0x00007ffd990e13a0:   00007f0788ffe6a0 0000000000000010
0x00007ffd990e13b0:   00007f07780016e0 0000000000000010
0x00007ffd990e13c0:   0000000000000200 0061702e7373616c
0x00007ffd990e13d0:   00007f0788ff7ca8 0000000000000006
0x00007ffd990e13e0:   0000000000000000 0000000000001002
0x00007ffd990e13f0:   00007ffd00000000 0000000000000000
0x00007ffd990e1400:   0000000000000000 0000000000000000
0x00007ffd990e1410:   0000000000000000 0000000000000000
0x00007ffd990e1420:   0000000000000000 0000000000000000
0x00007ffd990e1430:   0000000000000000 0000000000000000
0x00007ffd990e1440:   0000000000000000 0000000000000000
0x00007ffd990e1450:   0000000000000000 0000000000000000
0x00007ffd990e1460:   0000000000000000 0000000000000000
0x00007ffd990e1470:   0000000000000000 0000000000000000 

Instructions: (pc=0x00007f07842f7db5)
0x00007f07842f7d95:   00 ba 9e 00 00 00 e8 30 79 fe ff 55 48 8d 35 58
0x00007f07842f7da5:   74 00 00 48 89 e5 41 56 41 55 41 54 53 48 89 fb
0x00007f07842f7db5:   48 8b 07 ff 50 30 49 89 c4 48 8b 03 48 89 df 4c
0x00007f07842f7dc5:   89 e6 48 8d 0d 43 74 00 00 48 8d 15 51 74 00 00 

Register to memory mapping:

RAX=0x0000000000000000 is an unknown value
RBX=0x0000000000000000 is an unknown value
RCX=0x0000000000000004 is an unknown value
RDX=0x00005560ee41a010 is an unknown value
RSP=0x00007ffd990e1280 is pointing into the stack for thread: 0x00005560ee60d000
RBP=0x00007ffd990e12a0 is pointing into the stack for thread: 0x00005560ee60d000
RSI=0x00007f07842ff200: <offset 0x29200> in /media/muchi/새 볼륨/3-2/chatbot/node_modules/java/build/Release/nodejavabridge_bindings.node at 0x00007f07842d6000
RDI=0x0000000000000000 is an unknown value
R8 =0xffffffffffffffe0 is an unknown value
R9 =0x0000000000000000 is an unknown value
R10=0x0000000000000009 is an unknown value
R11=0x00007f07842f7da0: _Z20getSystemClassLoaderP7JNIEnv_+0 in /media/muchi/새 볼륨/3-2/chatbot/node_modules/java/build/Release/nodejavabridge_bindings.node at 0x00007f07842d6000
R12=0x00007ffd990e1360 is pointing into the stack for thread: 0x00005560ee60d000
R13=0x00005560ee486258 is an unknown value
R14=0x00005560ee4f91d0 is an unknown value
R15=0x00007ffd990e1320 is pointing into the stack for thread: 0x00005560ee60d000


Stack: [0x00007ffd98fe9000,0x00007ffd990e9000],  sp=0x00007ffd990e1280,  free space=992k
Native frames: (J=compiled Java code, j=interpreted, Vv=VM code, C=native code)
C  [nodejavabridge_bindings.node+0x21db5]  getSystemClassLoader(JNIEnv_*)+0x15
C  [nodejavabridge_bindings.node+0xed06]  Java::createJVM(JavaVM_**, JNIEnv_**)+0x776
C  [nodejavabridge_bindings.node+0xf02d]  Java::ensureJvm()+0x2d
C  [nodejavabridge_bindings.node+0x10c97]  Java::findClassSync(Nan::FunctionCallbackInfo<v8::Value> const&)+0x87
C  [nodejavabridge_bindings.node+0xa7f5]  Nan::imp::FunctionCallbackWrapper(v8::FunctionCallbackInfo<v8::Value> const&)+0x95
C  [node+0x4cfd0f]  v8::internal::FunctionCallbackArguments::Call(void (*)(v8::FunctionCallbackInfo<v8::Value> const&))+0x11f
C  [node+0x538b62]
C  [node+0x5390af]
C  0x00000794979040bd
C  0x0000079497927dea
C  0x0000079497927dea
C  0x0000079497944013
C  0x0000079497a0c5ad
C  0x0000079497927dea
C  0x0000079497927dea
C  0x000007949791993f
C  0x0000079497927dea
C  0x0000079497927dea
C  0x000007949791993f
C  0x0000079497927dea
C  0x0000079497927dea
C  0x0000079497927dea
C  0x000007949791993f
C  0x0000079497927dea
C  0x0000079497927dea
C  0x000007949791993f
C  0x0000079497927dea
C  0x0000079497927dea
C  0x0000079497927dea
C  0x0000079497927dea
C  0x0000079497927dea
C  0x000007949791993f
C  0x0000079497927dea
C  0x0000079497927dea
C  0x000007949791993f
C  0x0000079497927dea
C  0x0000079497927dea
C  0x0000079497927dea
C  0x000007949791993f
C  0x0000079497927dea
C  0x000007949791993f
C  0x0000079497927dea
C  0x0000079497927dea
C  0x0000079497927dea
C  0x0000079497927dea
C  0x0000079497927dea
C  0x0000079497925130
C  0x0000079497a05ca1
C  [node+0x7b383e]
C  [node+0x7b3c25]
C  [node+0x4be06e]  v8::Function::Call(v8::Local<v8::Context>, v8::Local<v8::Value>, int, v8::Local<v8::Value>*)+0x17e
C  [node+0x4be221]  v8::Function::Call(v8::Local<v8::Value>, int, v8::Local<v8::Value>*)+0x41
C  [node+0xbbeebc]  node::InternalCallbackScope::Close()+0x13c
C  [node+0xbbf15c]  node::InternalMakeCallback(node::Environment*, v8::Local<v8::Object>, v8::Local<v8::Function>, int, v8::Local<v8::Value>*, node::async_context)+0xcc
C  [node+0xb9c320]  node::AsyncWrap::MakeCallback(v8::Local<v8::Function>, int, v8::Local<v8::Value>*)+0x50
C  [node+0xc13dea]
C  [node+0xc41d10]  node::LibuvStreamWrap::OnRead(uv_stream_s*, long, uv_buf_t const*)+0x90
C  [libuv.so.1+0x155cf]


---------------  P R O C E S S  ---------------

Java Threads: ( => current thread )
  0x00007f06fc001000 JavaThread "Thread-0" [_thread_in_native, id=6640, stack(0x00007f0775872000,0x00007f0776072000)]
  0x00005560f0362800 JavaThread "Service Thread" daemon [_thread_blocked, id=6658, stack(0x00007f075d2f9000,0x00007f075d3fa000)]
  0x00005560f0357800 JavaThread "C1 CompilerThread3" daemon [_thread_blocked, id=6657, stack(0x00007f075d3fb000,0x00007f075d4fb000)]
  0x00005560f0355000 JavaThread "C2 CompilerThread2" daemon [_thread_blocked, id=6656, stack(0x00007f075d4fc000,0x00007f075d5fc000)]
  0x00005560f0353800 JavaThread "C2 CompilerThread1" daemon [_thread_blocked, id=6655, stack(0x00007f075d5fd000,0x00007f075d6fd000)]
  0x00005560f0350800 JavaThread "C2 CompilerThread0" daemon [_thread_blocked, id=6654, stack(0x00007f075d6fe000,0x00007f075d7fe000)]
  0x00005560f034f000 JavaThread "Signal Dispatcher" daemon [_thread_blocked, id=6653, stack(0x00007f075d7fe000,0x00007f075d8ff000)]
  0x00005560ee661000 JavaThread "Finalizer" daemon [_thread_blocked, id=6652, stack(0x00007f075e410000,0x00007f075e511000)]
  0x00005560ee65e800 JavaThread "Reference Handler" daemon [_thread_blocked, id=6651, stack(0x00007f075e511000,0x00007f075e612000)]
=>0x00005560ee60d000 JavaThread "main" [_thread_in_native, id=6628, stack(0x00007ffd98fe9000,0x00007ffd990e9000)]

Other Threads:
  0x00005560ee5e3000 VMThread [stack: 0x00007f075e613000,0x00007f075e713000] [id=6650]
  0x00005560f0364800 WatcherThread [stack: 0x00007f075d1f9000,0x00007f075d2f9000] [id=6659]

VM state:not at safepoint (normal execution)

VM Mutex/Monitor currently owned by a thread: None

heap address: 0x00000006c0000000, size: 4096 MB, Compressed Oops mode: Zero based, Oop shift amount: 3
Narrow klass base: 0x0000000000000000, Narrow klass shift: 3
Compressed class space size: 1073741824 Address: 0x00000007c0000000

Heap:
 PSYoungGen      total 139264K, used 69978K [0x000000076ab00000, 0x000000077bb00000, 0x00000007c0000000)
  eden space 129024K, 52% used [0x000000076ab00000,0x000000076ed5b438,0x0000000772900000)
  from space 10240K, 19% used [0x0000000772900000,0x0000000772afb748,0x0000000773300000)
  to   space 10240K, 0% used [0x000000077b100000,0x000000077b100000,0x000000077bb00000)
 ParOldGen       total 391680K, used 176657K [0x00000006c0000000, 0x00000006d7e80000, 0x000000076ab00000)
  object space 391680K, 45% used [0x00000006c0000000,0x00000006cac84420,0x00000006d7e80000)
 Metaspace       used 6414K, capacity 6620K, committed 6912K, reserved 1056768K
  class space    used 608K, capacity 684K, committed 768K, reserved 1048576K

Card table byte_map: [0x00007f076043f000,0x00007f0760c40000] byte_map_base: 0x00007f075ce3f000

Marking Bits: (ParMarkBitMap*) 0x00007f0777fe3360
 Begin Bits: [0x00007f0720000000, 0x00007f0724000000)
 End Bits:   [0x00007f0724000000, 0x00007f0728000000)

Polling page: 0x00007f078afb3000

CodeCache: size=245760Kb used=3174Kb max_used=3174Kb free=242585Kb
 bounds [0x00007f0761000000, 0x00007f0761320000, 0x00007f0770000000]
 total_blobs=1030 nmethods=730 adapters=215
 compilation: enabled

Compilation events (10 events):
Event: 2.835 Thread 0x00005560f0357800  735       3       java.io.FilterInputStream::<init> (10 bytes)
Event: 2.835 Thread 0x00005560f0357800 nmethod 735 0x00007f07613173d0 code [0x00007f0761317540, 0x00007f0761317790]
Event: 2.840 Thread 0x00005560f0357800  736       3       sun.reflect.ReflectionFactory::inflationThreshold (4 bytes)
Event: 2.840 Thread 0x00005560f0357800 nmethod 736 0x00007f07613170d0 code [0x00007f0761317220, 0x00007f0761317350]
Event: 2.840 Thread 0x00005560f0357800  737       3       sun.reflect.NativeMethodAccessorImpl::invoke (104 bytes)
Event: 2.841 Thread 0x00005560f0357800 nmethod 737 0x00007f0761319310 code [0x00007f0761319580, 0x00007f076131aa38]
Event: 2.841 Thread 0x00005560f0357800  740       3       sun.reflect.ClassFileAssembler::getLength (11 bytes)
Event: 2.842 Thread 0x00005560f0357800 nmethod 740 0x00007f0761316890 code [0x00007f0761316a00, 0x00007f0761316c10]
Event: 2.842 Thread 0x00005560f0357800  739       3       sun.reflect.ClassFileAssembler::emitConstantPoolClass (23 bytes)
Event: 2.842 Thread 0x00005560f0357800 nmethod 739 0x00007f0761315f10 code [0x00007f07613160c0, 0x00007f0761316548]

GC Heap History (8 events):
Event: 0.623 GC heap before
{Heap before GC invocations=1 (full 0):
 PSYoungGen      total 74752K, used 64512K [0x000000076ab00000, 0x000000076fe00000, 0x00000007c0000000)
  eden space 64512K, 100% used [0x000000076ab00000,0x000000076ea00000,0x000000076ea00000)
  from space 10240K, 0% used [0x000000076f400000,0x000000076f400000,0x000000076fe00000)
  to   space 10240K, 0% used [0x000000076ea00000,0x000000076ea00000,0x000000076f400000)
 ParOldGen       total 171008K, used 0K [0x00000006c0000000, 0x00000006ca700000, 0x000000076ab00000)
  object space 171008K, 0% used [0x00000006c0000000,0x00000006c0000000,0x00000006ca700000)
 Metaspace       used 5710K, capacity 6102K, committed 6272K, reserved 1056768K
  class space    used 547K, capacity 619K, committed 640K, reserved 1048576K
Event: 0.657 GC heap after
Heap after GC invocations=1 (full 0):
 PSYoungGen      total 74752K, used 10208K [0x000000076ab00000, 0x0000000773d00000, 0x00000007c0000000)
  eden space 64512K, 0% used [0x000000076ab00000,0x000000076ab00000,0x000000076ea00000)
  from space 10240K, 99% used [0x000000076ea00000,0x000000076f3f8040,0x000000076f400000)
  to   space 10240K, 0% used [0x0000000773300000,0x0000000773300000,0x0000000773d00000)
 ParOldGen       total 171008K, used 29296K [0x00000006c0000000, 0x00000006ca700000, 0x000000076ab00000)
  object space 171008K, 17% used [0x00000006c0000000,0x00000006c1c9c090,0x00000006ca700000)
 Metaspace       used 5710K, capacity 6102K, committed 6272K, reserved 1056768K
  class space    used 547K, capacity 619K, committed 640K, reserved 1048576K
}
Event: 0.922 GC heap before
{Heap before GC invocations=2 (full 0):
 PSYoungGen      total 74752K, used 74079K [0x000000076ab00000, 0x0000000773d00000, 0x00000007c0000000)
  eden space 64512K, 99% used [0x000000076ab00000,0x000000076e95ff60,0x000000076ea00000)
  from space 10240K, 99% used [0x000000076ea00000,0x000000076f3f8040,0x000000076f400000)
  to   space 10240K, 0% used [0x0000000773300000,0x0000000773300000,0x0000000773d00000)
 ParOldGen       total 171008K, used 29296K [0x00000006c0000000, 0x00000006ca700000, 0x000000076ab00000)
  object space 171008K, 17% used [0x00000006c0000000,0x00000006c1c9c090,0x00000006ca700000)
 Metaspace       used 5716K, capacity 6102K, committed 6272K, reserved 1056768K
  class space    used 547K, capacity 619K, committed 640K, reserved 1048576K
Event: 0.979 GC heap after
Heap after GC invocations=2 (full 0):
 PSYoungGen      total 139264K, used 10208K [0x000000076ab00000, 0x0000000773d00000, 0x00000007c0000000)
  eden space 129024K, 0% used [0x000000076ab00000,0x000000076ab00000,0x0000000772900000)
  from space 10240K, 99% used [0x0000000773300000,0x0000000773cf8010,0x0000000773d00000)
  to   space 10240K, 0% used [0x0000000772900000,0x0000000772900000,0x0000000773300000)
 ParOldGen       total 171008K, used 76728K [0x00000006c0000000, 0x00000006ca700000, 0x000000076ab00000)
  object space 171008K, 44% used [0x00000006c0000000,0x00000006c4aee0b0,0x00000006ca700000)
 Metaspace       used 5716K, capacity 6102K, committed 6272K, reserved 1056768K
  class space    used 547K, capacity 619K, committed 640K, reserved 1048576K
}
Event: 1.409 GC heap before
{Heap before GC invocations=3 (full 0):
 PSYoungGen      total 139264K, used 139232K [0x000000076ab00000, 0x0000000773d00000, 0x00000007c0000000)
  eden space 129024K, 100% used [0x000000076ab00000,0x0000000772900000,0x0000000772900000)
  from space 10240K, 99% used [0x0000000773300000,0x0000000773cf8010,0x0000000773d00000)
  to   space 10240K, 0% used [0x0000000772900000,0x0000000772900000,0x0000000773300000)
 ParOldGen       total 171008K, used 76728K [0x00000006c0000000, 0x00000006ca700000, 0x000000076ab00000)
  object space 171008K, 44% used [0x00000006c0000000,0x00000006c4aee0b0,0x00000006ca700000)
 Metaspace       used 5716K, capacity 6102K, committed 6272K, reserved 1056768K
  class space    used 547K, capacity 619K, committed 640K, reserved 1048576K
Event: 1.473 GC heap after
Heap after GC invocations=3 (full 0):
 PSYoungGen      total 139264K, used 10224K [0x000000076ab00000, 0x000000077bb00000, 0x00000007c0000000)
  eden space 129024K, 0% used [0x000000076ab00000,0x000000076ab00000,0x0000000772900000)
  from space 10240K, 99% used [0x0000000772900000,0x00000007732fc010,0x0000000773300000)
  to   space 10240K, 0% used [0x000000077b100000,0x000000077b100000,0x000000077bb00000)
 ParOldGen       total 177152K, used 172806K [0x00000006c0000000, 0x00000006cad00000, 0x000000076ab00000)
  object space 177152K, 97% used [0x00000006c0000000,0x00000006ca8c1940,0x00000006cad00000)
 Metaspace       used 5716K, capacity 6102K, committed 6272K, reserved 1056768K
  class space    used 547K, capacity 619K, committed 640K, reserved 1048576K
}
Event: 1.473 GC heap before
{Heap before GC invocations=4 (full 1):
 PSYoungGen      total 139264K, used 10224K [0x000000076ab00000, 0x000000077bb00000, 0x00000007c0000000)
  eden space 129024K, 0% used [0x000000076ab00000,0x000000076ab00000,0x0000000772900000)
  from space 10240K, 99% used [0x0000000772900000,0x00000007732fc010,0x0000000773300000)
  to   space 10240K, 0% used [0x000000077b100000,0x000000077b100000,0x000000077bb00000)
 ParOldGen       total 177152K, used 172806K [0x00000006c0000000, 0x00000006cad00000, 0x000000076ab00000)
  object space 177152K, 97% used [0x00000006c0000000,0x00000006ca8c1940,0x00000006cad00000)
 Metaspace       used 5716K, capacity 6102K, committed 6272K, reserved 1056768K
  class space    used 547K, capacity 619K, committed 640K, reserved 1048576K
Event: 2.044 GC heap after
Heap after GC invocations=4 (full 1):
 PSYoungGen      total 139264K, used 2029K [0x000000076ab00000, 0x000000077bb00000, 0x00000007c0000000)
  eden space 129024K, 0% used [0x000000076ab00000,0x000000076ab00000,0x0000000772900000)
  from space 10240K, 19% used [0x0000000772900000,0x0000000772afb748,0x0000000773300000)
  to   space 10240K, 0% used [0x000000077b100000,0x000000077b100000,0x000000077bb00000)
 ParOldGen       total 391680K, used 176657K [0x00000006c0000000, 0x00000006d7e80000, 0x000000076ab00000)
  object space 391680K, 45% used [0x00000006c0000000,0x00000006cac84420,0x00000006d7e80000)
 Metaspace       used 5716K, capacity 6102K, committed 6272K, reserved 1056768K
  class space    used 547K, capacity 619K, committed 640K, reserved 1048576K
}

Deoptimization events (10 events):
Event: 2.079 Thread 0x00007f06fc001000 Uncommon trap: reason=array_check action=maybe_recompile pc=0x00007f07612a4770 method=java.util.Arrays.fill([Ljava/lang/Object;IILjava/lang/Object;)V @ 20
Event: 2.569 Thread 0x00007f06fc001000 Uncommon trap: reason=unstable_if action=reinterpret pc=0x00007f07612e8eec method=java.util.LinkedList.unlinkFirst(Ljava/util/LinkedList$Node;)Ljava/lang/Object; @ 26
Event: 2.569 Thread 0x00007f06fc001000 Uncommon trap: reason=unstable_if action=reinterpret pc=0x00007f07612a9148 method=java.util.LinkedList.linkLast(Ljava/lang/Object;)V @ 22
Event: 2.569 Thread 0x00007f06fc001000 Uncommon trap: reason=unstable_if action=reinterpret pc=0x00007f07612ac3c8 method=java.util.LinkedList.unlinkFirst(Ljava/util/LinkedList$Node;)Ljava/lang/Object; @ 26
Event: 2.569 Thread 0x00007f06fc001000 Uncommon trap: reason=unstable_if action=reinterpret pc=0x00007f07612a95c4 method=java.util.LinkedList.linkLast(Ljava/lang/Object;)V @ 22
Event: 2.569 Thread 0x00007f06fc001000 Uncommon trap: reason=unstable_if action=reinterpret pc=0x00007f07612ac0f4 method=java.util.LinkedList.unlinkFirst(Ljava/util/LinkedList$Node;)Ljava/lang/Object; @ 26
Event: 2.569 Thread 0x00007f06fc001000 Uncommon trap: reason=unstable_if action=reinterpret pc=0x00007f07612aae34 method=java.util.LinkedList.linkLast(Ljava/lang/Object;)V @ 22
Event: 2.569 Thread 0x00007f06fc001000 Uncommon trap: reason=unstable_if action=reinterpret pc=0x00007f07612ae54c method=java.util.AbstractCollection.isEmpty()Z @ 4
Event: 2.570 Thread 0x00007f06fc001000 Uncommon trap: reason=unstable_if action=reinterpret pc=0x00007f076125252c method=java.io.ObjectInputStream$PeekInputStream.read()I @ 4
Event: 2.570 Thread 0x00007f06fc001000 Uncommon trap: reason=unstable_if action=reinterpret pc=0x00007f07612ad648 method=kr.co.shineware.ds.aho_corasick.AhoCorasickDictionary.linkFailNode(Lkr/co/shineware/ds/aho_corasick/model/AhoCorasickNode;)V @ 5

Classes redefined (0 events):
No events

Internal exceptions (10 events):
Event: 0.200 Thread 0x00007f06fc001000 Exception <a 'java/security/PrivilegedActionException'> (0x000000076b2d9458) thrown at [/build/openjdk-8-OqY7zN/openjdk-8-8u222-b10/src/hotspot/src/share/vm/prims/jvm.cpp, line 1502]
Event: 0.200 Thread 0x00007f06fc001000 Exception <a 'java/security/PrivilegedActionException'> (0x000000076b2d9850) thrown at [/build/openjdk-8-OqY7zN/openjdk-8-8u222-b10/src/hotspot/src/share/vm/prims/jvm.cpp, line 1502]
Event: 0.242 Thread 0x00007f06fc001000 Exception <a 'java/lang/NoSuchFieldError': method resolution failed> (0x000000076b438a70) thrown at [/build/openjdk-8-OqY7zN/openjdk-8-8u222-b10/src/hotspot/src/share/vm/prims/methodHandles.cpp, line 1167]
Event: 0.244 Thread 0x00007f06fc001000 Exception <a 'java/lang/NoSuchFieldError': method resolution failed> (0x000000076b4461b0) thrown at [/build/openjdk-8-OqY7zN/openjdk-8-8u222-b10/src/hotspot/src/share/vm/prims/methodHandles.cpp, line 1167]
Event: 0.369 Thread 0x00007f06fc001000 Implicit null exception at 0x00007f0761241677 to 0x00007f07612425e1
Event: 2.569 Thread 0x00007f06fc001000 Implicit null exception at 0x00007f07612e8916 to 0x00007f07612e8ed1
Event: 2.569 Thread 0x00007f06fc001000 Implicit null exception at 0x00007f07612ac37d to 0x00007f07612ac3b5
Event: 2.569 Thread 0x00007f06fc001000 Implicit null exception at 0x00007f07612a9566 to 0x00007f07612a95a9
Event: 2.569 Thread 0x00007f06fc001000 Implicit null exception at 0x00007f07612ac0b4 to 0x00007f07612ac0e1
Event: 2.569 Thread 0x00007f06fc001000 Implicit null exception at 0x00007f07612aadd9 to 0x00007f07612aae19

Events (10 events):
Event: 2.825 loading class kr/bydelta/koala/data/Tree
Event: 2.825 loading class kr/bydelta/koala/data/Tree done
Event: 2.831 loading class kr/bydelta/koala/data/DepEdge
Event: 2.831 loading class kr/bydelta/koala/data/DepEdge done
Event: 2.831 loading class kr/bydelta/koala/data/DAGEdge
Event: 2.831 loading class kr/bydelta/koala/data/DAGEdge done
Event: 2.835 loading class kr/bydelta/koala/data/AlreadySetIDException
Event: 2.835 loading class kr/bydelta/koala/data/AlreadySetIDException done
Event: 4.057 Executing VM operation: EnableBiasedLocking
Event: 4.057 Executing VM operation: EnableBiasedLocking done


Dynamic libraries:
6c0000000-6d7e80000 rw-p 00000000 00:00 0 
6d7e80000-76ab00000 ---p 00000000 00:00 0 
76ab00000-77bb00000 rw-p 00000000 00:00 0 
77bb00000-7c0000000 ---p 00000000 00:00 0 
7c0000000-7c00c0000 rw-p 00000000 00:00 0 
7c00c0000-800000000 ---p 00000000 00:00 0 
26dec80000-26ded00000 rw-p 00000000 00:00 0 
52fa380000-52fa400000 rw-p 00000000 00:00 0 
73c2080000-73c2100000 rw-p 00000000 00:00 0 
fac2680000-fac2700000 rw-p 00000000 00:00 0 
10d4bf80000-10d4c000000 rw-p 00000000 00:00 0 
19906980000-19906a00000 rw-p 00000000 00:00 0 
267ee980000-267eea00000 rw-p 00000000 00:00 0 
27dd3200000-27dd3280000 rw-p 00000000 00:00 0 
3bd1da00000-3bd1da80000 rw-p 00000000 00:00 0 
4977fb00000-4977fb80000 rw-p 00000000 00:00 0 
531b3300000-531b3380000 rw-p 00000000 00:00 0 
578cff00000-578cff80000 rw-p 00000000 00:00 0 
6282f680000-6282f700000 rw-p 00000000 00:00 0 
6fae9800000-6fae9880000 rw-p 00000000 00:00 0 
79497707000-79497780000 ---p 00000000 00:00 0 
79497780000-79497783000 rw-p 00000000 00:00 0 
79497783000-79497784000 ---p 00000000 00:00 0 
79497784000-794977ad000 rwxp 00000000 00:00 0 
794977ad000-79497800000 ---p 00000000 00:00 0 
79497800000-79497803000 rw-p 00000000 00:00 0 
79497803000-79497804000 ---p 00000000 00:00 0 
79497804000-7949782d000 rwxp 00000000 00:00 0 
7949782d000-79497880000 ---p 00000000 00:00 0 
79497880000-79497883000 rw-p 00000000 00:00 0 
79497883000-79497884000 ---p 00000000 00:00 0 
79497884000-794978ad000 rwxp 00000000 00:00 0 
794978ad000-79497900000 ---p 00000000 00:00 0 
79497900000-79497903000 rw-p 00000000 00:00 0 
79497903000-79497904000 ---p 00000000 00:00 0 
79497904000-7949797f000 rwxp 00000000 00:00 0 
7949797f000-79497980000 ---p 00000000 00:00 0 
79497980000-79497983000 rw-p 00000000 00:00 0 
79497983000-79497984000 ---p 00000000 00:00 0 
79497984000-794979ff000 rwxp 00000000 00:00 0 
794979ff000-79497a00000 ---p 00000000 00:00 0 
79497a00000-79497a03000 rw-p 00000000 00:00 0 
79497a03000-79497a04000 ---p 00000000 00:00 0 
79497a04000-79497a7f000 rwxp 00000000 00:00 0 
79497a7f000-79497a80000 ---p 00000000 00:00 0 
79497a80000-79497a83000 rw-p 00000000 00:00 0 
79497a83000-79497a84000 ---p 00000000 00:00 0 
79497a84000-79497aff000 rwxp 00000000 00:00 0 
79497aff000-794b7707000 ---p 00000000 00:00 0 
94584f00000-94584f80000 rw-p 00000000 00:00 0 
973b0600000-973b0680000 rw-p 00000000 00:00 0 
9d63ff00000-9d63ff80000 rw-p 00000000 00:00 0 
a424f700000-a424f780000 rw-p 00000000 00:00 0 
a5322500000-a5322580000 rw-p 00000000 00:00 0 
b5aba800000-b5aba880000 rw-p 00000000 00:00 0 
bd544100000-bd544180000 rw-p 00000000 00:00 0 
c5669080000-c5669100000 rw-p 00000000 00:00 0 
cfc43c80000-cfc43d00000 rw-p 00000000 00:00 0 
d0559d00000-d0559d80000 rw-p 00000000 00:00 0 
d6ff6480000-d6ff6500000 rw-p 00000000 00:00 0 
e30d6f80000-e30d7000000 rw-p 00000000 00:00 0 
eb45ed80000-eb45ee00000 rw-p 00000000 00:00 0 
f2d89a00000-f2d89a80000 rw-p 00000000 00:00 0 
f5bc4a80000-f5bc4b00000 rw-p 00000000 00:00 0 
10b70d180000-10b70d200000 rw-p 00000000 00:00 0 
10da10080000-10da10100000 rw-p 00000000 00:00 0 
11b0d9080000-11b0d9100000 rw-p 00000000 00:00 0 
11da31900000-11da31983000 rw-p 00000000 00:00 0 
121d6c480000-121d6c500000 rw-p 00000000 00:00 0 
125ffd880000-125ffd900000 rw-p 00000000 00:00 0 
12c1b5b80000-12c1b5c8a000 rw-p 00000000 00:00 0 
12e205600000-12e205680000 rw-p 00000000 00:00 0 
131729380000-131729400000 rw-p 00000000 00:00 0 
13d2e1c80000-13d2e1d00000 rw-p 00000000 00:00 0 
141320900000-141320980000 rw-p 00000000 00:00 0 
141701900000-141701980000 rw-p 00000000 00:00 0 
14b54eb80000-14b54ec00000 rw-p 00000000 00:00 0 
15fe56f00000-15fe56fc4000 rw-p 00000000 00:00 0 
16f3e8f80000-16f3e9000000 rw-p 00000000 00:00 0 
1745cbe80000-1745cbf00000 rw-p 00000000 00:00 0 
1779d5500000-1779d5580000 rw-p 00000000 00:00 0 
177fae280000-177fae300000 rw-p 00000000 00:00 0 
1788e6180000-1788e6200000 rw-p 00000000 00:00 0 
17f0e8980000-17f0e8a00000 rw-p 00000000 00:00 0 
182c7e600000-182c7e680000 rw-p 00000000 00:00 0 
18bb74700000-18bb74780000 rw-p 00000000 00:00 0 
190da3d80000-190da3e00000 rw-p 00000000 00:00 0 
195632a00000-195632a80000 rw-p 00000000 00:00 0 
1965e3400000-1965e3480000 rw-p 00000000 00:00 0 
19e630400000-19e630480000 rw-p 00000000 00:00 0 
1abccd080000-1abccd100000 rw-p 00000000 00:00 0 
1ac1de280000-1ac1de300000 rw-p 00000000 00:00 0 
1b15ba100000-1b15ba180000 rw-p 00000000 00:00 0 
1b2d9ba00000-1b2d9ba80000 rw-p 00000000 00:00 0 
1b7eaa880000-1b7eaa900000 rw-p 00000000 00:00 0 
1bc58c200000-1bc58c280000 rw-p 00000000 00:00 0 
1cf1fbc80000-1cf1fbd00000 rw-p 00000000 00:00 0 
1dcf8a780000-1dcf8a800000 rw-p 00000000 00:00 0 
1e5a62480000-1e5a62500000 rw-p 00000000 00:00 0 
1e79e2200000-1e79e2280000 rw-p 00000000 00:00 0 
1e867a300000-1e867a40a000 rw-p 00000000 00:00 0 
1f7c6b500000-1f7c6b580000 rw-p 00000000 00:00 0 
1f896ea00000-1f896ea80000 rw-p 00000000 00:00 0 
1fcaaa900000-1fcaaa980000 rw-p 00000000 00:00 0 
202825600000-202825680000 rw-p 00000000 00:00 0 
207829200000-207829280000 rw-p 00000000 00:00 0 
20c6a9680000-20c6a9700000 rw-p 00000000 00:00 0 
211502c00000-211502c80000 rw-p 00000000 00:00 0 
2139feb80000-2139fec00000 rw-p 00000000 00:00 0 
21e612380000-21e612400000 rw-p 00000000 00:00 0 
222fe5080000-222fe5100000 rw-p 00000000 00:00 0 
226e90b00000-226e90b80000 rw-p 00000000 00:00 0 
249658b00000-249658b80000 rw-p 00000000 00:00 0 
251568580000-251568600000 rw-p 00000000 00:00 0 
27c44e100000-27c44e180000 rw-p 00000000 00:00 0 
283c8e280000-283c8e300000 rw-p 00000000 00:00 0 
291333f00000-291333f80000 rw-p 00000000 00:00 0 
298d40c00000-298d40c80000 rw-p 00000000 00:00 0 
2a90a3d00000-2a90a3d80000 rw-p 00000000 00:00 0 
2b1a2b000000-2b1a2b080000 rw-p 00000000 00:00 0 
2bb28f980000-2bb28fa00000 rw-p 00000000 00:00 0 
2be9dc880000-2be9dc900000 rw-p 00000000 00:00 0 
2c6fb900e000-2c6fb9010000 ---p 00000000 00:00 0 
2c6fb9010000-2c6fb9018000 rw-p 00000000 00:00 0 
2c6fb9018000-2c6fb901a000 ---p 00000000 00:00 0 
2de917b00000-2de917b80000 rw-p 00000000 00:00 0 
2df00bb80000-2df00bc00000 rw-p 00000000 00:00 0 
2f9d61280000-2f9d61300000 rw-p 00000000 00:00 0 
2fe35d800000-2fe35d880000 rw-p 00000000 00:00 0 
3014f0280000-3014f0300000 rw-p 00000000 00:00 0 
30627ee00000-30627ee80000 rw-p 00000000 00:00 0 
309bdf700000-309bdf780000 rw-p 00000000 00:00 0 
30a9e2080000-30a9e2100000 rw-p 00000000 00:00 0 
30ad43100000-30ad43180000 rw-p 00000000 00:00 0 
30fe6dc00000-30fe6dc80000 rw-p 00000000 00:00 0 
316ab5080000-316ab5100000 rw-p 00000000 00:00 0 
32b7dd580000-32b7dd600000 rw-p 00000000 00:00 0 
331af9980000-331af9a00000 rw-p 00000000 00:00 0 
343c46180000-343c46200000 rw-p 00000000 00:00 0 
34450ef00000-34450ef80000 rw-p 00000000 00:00 0 
34f2cec80000-34f2ced00000 rw-p 00000000 00:00 0 
34fad5200000-34fad5280000 rw-p 00000000 00:00 0 
35342ab00000-35342ab80000 rw-p 00000000 00:00 0 
3543cbb80000-3543cbc00000 rw-p 00000000 00:00 0 
35ac3ec80000-35ac3ed00000 rw-p 00000000 00:00 0 
35e75b200000-35e75b280000 rw-p 00000000 00:00 0 
377deec80000-377deed00000 rw-p 00000000 00:00 0 
382207500000-382207580000 rw-p 00000000 00:00 0 
38ebfcc80000-38ebfcd00000 rw-p 00000000 00:00 0 
39af2cf00000-39af2cf80000 rw-p 00000000 00:00 0 
39fae7880000-39fae7900000 rw-p 00000000 00:00 0 
3b640b480000-3b640b500000 rw-p 00000000 00:00 0 
3bd489d80000-3bd489e00000 rw-p 00000000 00:00 0 
3c75c7d80000-3c75c7e00000 rw-p 00000000 00:00 0 
3cba3ea00000-3cba3ea80000 rw-p 00000000 00:00 0 
3d0bf4080000-3d0bf4100000 rw-p 00000000 00:00 0 
3e43a2f00000-3e43a2f80000 rw-p 00000000 00:00 0 
3ed4f6c00000-3ed4f6c80000 rw-p 00000000 00:00 0 
3ed6b8b80000-3ed6b8c00000 rw-p 00000000 00:00 0 
3fd04df80000-3fd04e000000 rw-p 00000000 00:00 0 
5560ecb67000-5560edc9a000 r-xp 00000000 08:05 3389                       /usr/bin/node
5560ede9a000-5560edee4000 r--p 01133000 08:05 3389                       /usr/bin/node
5560edee4000-5560edeec000 rw-p 0117d000 08:05 3389                       /usr/bin/node
5560edeec000-5560edefc000 rw-p 00000000 00:00 0 
5560ee41a000-5560f0aab000 rw-p 00000000 00:00 0                          [heap]
7f06f8000000-7f06f8021000 rw-p 00000000 00:00 0 
7f06f8021000-7f06fc000000 ---p 00000000 00:00 0 
7f06fc000000-7f06fc125000 rw-p 00000000 00:00 0 
7f06fc125000-7f0700000000 ---p 00000000 00:00 0 
7f0700000000-7f07002a2000 rw-p 00000000 00:00 0 
7f07002a2000-7f0704000000 ---p 00000000 00:00 0 
7f0704000000-7f0704021000 rw-p 00000000 00:00 0 
7f0704021000-7f0708000000 ---p 00000000 00:00 0 
7f0708000000-7f0709668000 rw-p 00000000 00:00 0 
7f0709668000-7f070c000000 ---p 00000000 00:00 0 
7f070c000000-7f070cd74000 rw-p 00000000 00:00 0 
7f070cd74000-7f0710000000 ---p 00000000 00:00 0 
7f0710000000-7f0710021000 rw-p 00000000 00:00 0 
7f0710021000-7f0714000000 ---p 00000000 00:00 0 
7f0714000000-7f0714dca000 rw-p 00000000 00:00 0 
7f0714dca000-7f0718000000 ---p 00000000 00:00 0 
7f0718000000-7f0718021000 rw-p 00000000 00:00 0 
7f0718021000-7f071c000000 ---p 00000000 00:00 0 
7f071c000000-7f071c021000 rw-p 00000000 00:00 0 
7f071c021000-7f0720000000 ---p 00000000 00:00 0 
7f0720000000-7f0728000000 rw-p 00000000 00:00 0 
7f0728000000-7f0728021000 rw-p 00000000 00:00 0 
7f0728021000-7f072c000000 ---p 00000000 00:00 0 
7f072c000000-7f072c021000 rw-p 00000000 00:00 0 
7f072c021000-7f0730000000 ---p 00000000 00:00 0 
7f0730000000-7f0730021000 rw-p 00000000 00:00 0 
7f0730021000-7f0734000000 ---p 00000000 00:00 0 
7f0738000000-7f0738021000 rw-p 00000000 00:00 0 
7f0738021000-7f073c000000 ---p 00000000 00:00 0 
7f0740000000-7f0740021000 rw-p 00000000 00:00 0 
7f0740021000-7f0744000000 ---p 00000000 00:00 0 
7f0744000000-7f0744021000 rw-p 00000000 00:00 0 
7f0744021000-7f0748000000 ---p 00000000 00:00 0 
7f0748000000-7f0748021000 rw-p 00000000 00:00 0 
7f0748021000-7f074c000000 ---p 00000000 00:00 0 
7f0750000000-7f0750021000 rw-p 00000000 00:00 0 
7f0750021000-7f0754000000 ---p 00000000 00:00 0 
7f0758000000-7f0758021000 rw-p 00000000 00:00 0 
7f0758021000-7f075c000000 ---p 00000000 00:00 0 
7f075d1f8000-7f075d1f9000 ---p 00000000 00:00 0 
7f075d1f9000-7f075d2f9000 rw-p 00000000 00:00 0 
7f075d2f9000-7f075d2fc000 ---p 00000000 00:00 0 
7f075d2fc000-7f075d3fa000 rw-p 00000000 00:00 0 
7f075d3fa000-7f075d3fb000 ---p 00000000 00:00 0 
7f075d3fb000-7f075d3fe000 ---p 00000000 00:00 0 
7f075d3fe000-7f075d4fb000 rw-p 00000000 00:00 0 
7f075d4fb000-7f075d4fc000 ---p 00000000 00:00 0 
7f075d4fc000-7f075d4ff000 ---p 00000000 00:00 0 
7f075d4ff000-7f075d5fc000 rw-p 00000000 00:00 0 
7f075d5fc000-7f075d5fd000 ---p 00000000 00:00 0 
7f075d5fd000-7f075d600000 ---p 00000000 00:00 0 
7f075d600000-7f075d6fd000 rw-p 00000000 00:00 0 
7f075d6fd000-7f075d6fe000 ---p 00000000 00:00 0 
7f075d6fe000-7f075d701000 ---p 00000000 00:00 0 
7f075d701000-7f075d7fe000 rw-p 00000000 00:00 0 
7f075d7fe000-7f075d801000 ---p 00000000 00:00 0 
7f075d801000-7f075d8ff000 rw-p 00000000 00:00 0 
7f075d8ff000-7f075e410000 r--p 00000000 08:05 6812                       /usr/lib/locale/locale-archive
7f075e410000-7f075e413000 ---p 00000000 00:00 0 
7f075e413000-7f075e511000 rw-p 00000000 00:00 0 
7f075e511000-7f075e514000 ---p 00000000 00:00 0 
7f075e514000-7f075e612000 rw-p 00000000 00:00 0 
7f075e612000-7f075e613000 ---p 00000000 00:00 0 
7f075e613000-7f075e713000 rw-p 00000000 00:00 0 
7f075e713000-7f075e8e3000 r--s 03c5c000 08:05 405203                     /usr/lib/jvm/java-8-openjdk-amd64/jre/lib/rt.jar
7f075e8e3000-7f075eee3000 rw-p 00000000 00:00 0 
7f075eee3000-7f075f0e3000 ---p 00000000 00:00 0 
7f075f0e3000-7f075f8e3000 rw-p 00000000 00:00 0 
7f075f8e3000-7f075f8e4000 ---p 00000000 00:00 0 
7f075f8e4000-7f075f9e4000 rw-p 00000000 00:00 0 
7f075f9e4000-7f075f9e5000 ---p 00000000 00:00 0 
7f075f9e5000-7f075fae5000 rw-p 00000000 00:00 0 
7f075fae5000-7f075fae6000 ---p 00000000 00:00 0 
7f075fae6000-7f075fbe6000 rw-p 00000000 00:00 0 
7f075fbe6000-7f075fbe7000 ---p 00000000 00:00 0 
7f075fbe7000-7f075fce7000 rw-p 00000000 00:00 0 
7f075fce7000-7f075fce8000 ---p 00000000 00:00 0 
7f075fce8000-7f075fde8000 rw-p 00000000 00:00 0 
7f075fde8000-7f075fde9000 ---p 00000000 00:00 0 
7f075fde9000-7f075ffa9000 rw-p 00000000 00:00 0 
7f075ffa9000-7f076043f000 ---p 00000000 00:00 0 
7f076043f000-7f07604ff000 rw-p 00000000 00:00 0 
7f07604ff000-7f0760994000 ---p 00000000 00:00 0 
7f0760994000-7f0760a1d000 rw-p 00000000 00:00 0 
7f0760a1d000-7f0760c3f000 ---p 00000000 00:00 0 
7f0760c3f000-7f0760c4d000 rw-p 00000000 00:00 0 
7f0760c4d000-7f0761000000 ---p 00000000 00:00 0 
7f0761000000-7f0761320000 rwxp 00000000 00:00 0 
7f0761320000-7f0770000000 ---p 00000000 00:00 0 
7f0770000000-7f0770288000 rw-p 00000000 00:00 0 
7f0770288000-7f0774000000 ---p 00000000 00:00 0 
7f07740e6000-7f07740e7000 ---p 00000000 00:00 0 
7f07740e7000-7f07741e7000 rw-p 00000000 00:00 0 
7f07741e7000-7f07741ef000 r-xp 00000000 08:05 405101                     /usr/lib/jvm/java-8-openjdk-amd64/jre/lib/amd64/libzip.so
7f07741ef000-7f07743ee000 ---p 00008000 08:05 405101                     /usr/lib/jvm/java-8-openjdk-amd64/jre/lib/amd64/libzip.so
7f07743ee000-7f07743ef000 r--p 00007000 08:05 405101                     /usr/lib/jvm/java-8-openjdk-amd64/jre/lib/amd64/libzip.so
7f07743ef000-7f07743f0000 rw-p 00008000 08:05 405101                     /usr/lib/jvm/java-8-openjdk-amd64/jre/lib/amd64/libzip.so
7f07743f0000-7f07743fb000 r-xp 00000000 08:05 143375                     /lib/x86_64-linux-gnu/libnss_files-2.27.so
7f07743fb000-7f07745fa000 ---p 0000b000 08:05 143375                     /lib/x86_64-linux-gnu/libnss_files-2.27.so
7f07745fa000-7f07745fb000 r--p 0000a000 08:05 143375                     /lib/x86_64-linux-gnu/libnss_files-2.27.so
7f07745fb000-7f07745fc000 rw-p 0000b000 08:05 143375                     /lib/x86_64-linux-gnu/libnss_files-2.27.so
7f07745fc000-7f0774602000 rw-p 00000000 00:00 0 
7f0774602000-7f0774619000 r-xp 00000000 08:05 143369                     /lib/x86_64-linux-gnu/libnsl-2.27.so
7f0774619000-7f0774818000 ---p 00017000 08:05 143369                     /lib/x86_64-linux-gnu/libnsl-2.27.so
7f0774818000-7f0774819000 r--p 00016000 08:05 143369                     /lib/x86_64-linux-gnu/libnsl-2.27.so
7f0774819000-7f077481a000 rw-p 00017000 08:05 143369                     /lib/x86_64-linux-gnu/libnsl-2.27.so
7f077481a000-7f077481c000 rw-p 00000000 00:00 0 
7f077481c000-7f0774827000 r-xp 00000000 08:05 143385                     /lib/x86_64-linux-gnu/libnss_nis-2.27.so
7f0774827000-7f0774a26000 ---p 0000b000 08:05 143385                     /lib/x86_64-linux-gnu/libnss_nis-2.27.so
7f0774a26000-7f0774a27000 r--p 0000a000 08:05 143385                     /lib/x86_64-linux-gnu/libnss_nis-2.27.so
7f0774a27000-7f0774a28000 rw-p 0000b000 08:05 143385                     /lib/x86_64-linux-gnu/libnss_nis-2.27.so
7f0774a28000-7f0774a30000 r-xp 00000000 08:05 143371                     /lib/x86_64-linux-gnu/libnss_compat-2.27.so
7f0774a30000-7f0774c30000 ---p 00008000 08:05 143371                     /lib/x86_64-linux-gnu/libnss_compat-2.27.so
7f0774c30000-7f0774c31000 r--p 00008000 08:05 143371                     /lib/x86_64-linux-gnu/libnss_compat-2.27.so
7f0774c31000-7f0774c32000 rw-p 00009000 08:05 143371                     /lib/x86_64-linux-gnu/libnss_compat-2.27.so
7f0774c32000-7f0774c5c000 r-xp 00000000 08:05 405082                     /usr/lib/jvm/java-8-openjdk-amd64/jre/lib/amd64/libjava.so
7f0774c5c000-7f0774e5b000 ---p 0002a000 08:05 405082                     /usr/lib/jvm/java-8-openjdk-amd64/jre/lib/amd64/libjava.so
7f0774e5b000-7f0774e5c000 r--p 00029000 08:05 405082                     /usr/lib/jvm/java-8-openjdk-amd64/jre/lib/amd64/libjava.so
7f0774e5c000-7f0774e5e000 rw-p 0002a000 08:05 405082                     /usr/lib/jvm/java-8-openjdk-amd64/jre/lib/amd64/libjava.so
7f0774e5e000-7f0774e6e000 r-xp 00000000 08:05 405100                     /usr/lib/jvm/java-8-openjdk-amd64/jre/lib/amd64/libverify.so
7f0774e6e000-7f077506d000 ---p 00010000 08:05 405100                     /usr/lib/jvm/java-8-openjdk-amd64/jre/lib/amd64/libverify.so
7f077506d000-7f077506f000 r--p 0000f000 08:05 405100                     /usr/lib/jvm/java-8-openjdk-amd64/jre/lib/amd64/libverify.so
7f077506f000-7f0775070000 rw-p 00011000 08:05 405100                     /usr/lib/jvm/java-8-openjdk-amd64/jre/lib/amd64/libverify.so
7f0775070000-7f0775071000 ---p 00000000 00:00 0 
7f0775071000-7f0775871000 rw-p 00000000 00:00 0 
7f0775871000-7f0775872000 ---p 00000000 00:00 0 
7f0775872000-7f0775875000 ---p 00000000 00:00 0 
7f0775875000-7f0776072000 rw-p 00000000 00:00 0 
7f0776072000-7f0776073000 ---p 00000000 00:00 0 
7f0776073000-7f0776873000 rw-p 00000000 00:00 0 
7f0776873000-7f0776874000 ---p 00000000 00:00 0 
7f0776874000-7f0777074000 rw-p 00000000 00:00 0 
7f0777074000-7f0777d13000 r-xp 00000000 08:05 405104                     /usr/lib/jvm/java-8-openjdk-amd64/jre/lib/amd64/server/libjvm.so
7f0777d13000-7f0777f13000 ---p 00c9f000 08:05 405104                     /usr/lib/jvm/java-8-openjdk-amd64/jre/lib/amd64/server/libjvm.so
7f0777f13000-7f0777fa7000 r--p 00c9f000 08:05 405104                     /usr/lib/jvm/java-8-openjdk-amd64/jre/lib/amd64/server/libjvm.so
7f0777fa7000-7f0777fd0000 rw-p 00d33000 08:05 405104                     /usr/lib/jvm/java-8-openjdk-amd64/jre/lib/amd64/server/libjvm.so
7f0777fd0000-7f0778000000 rw-p 00000000 00:00 0 
7f0778000000-7f0778140000 rw-p 00000000 00:00 0 
7f0778140000-7f077c000000 ---p 00000000 00:00 0 
7f077c000000-7f077c298000 rw-p 00000000 00:00 0 
7f077c298000-7f0780000000 ---p 00000000 00:00 0 
7f0780000000-7f078029d000 rw-p 00000000 00:00 0 
7f078029d000-7f0784000000 ---p 00000000 00:00 0 
7f078404f000-7f0784071000 r--s 00347000 08:05 1374473                    /home/muchi/.m2/repository/org/scala-lang/scala-reflect/2.12.0/scala-reflect-2.12.0.jar
7f0784071000-7f07840a8000 r--s 004fc000 08:05 1374471                    /home/muchi/.m2/repository/org/scala-lang/scala-library/2.12.0/scala-library-2.12.0.jar
7f07840a8000-7f07840d4000 r-xp 00000000 08:06 139278                     /media/muchi/새 볼륨/3-2/node_modules/java/build/Release/nodejavabridge_bindings.node
7f07840d4000-7f07842d4000 ---p 0002c000 08:06 139278                     /media/muchi/새 볼륨/3-2/node_modules/java/build/Release/nodejavabridge_bindings.node
7f07842d4000-7f07842d5000 r--p 0002c000 08:06 139278                     /media/muchi/새 볼륨/3-2/node_modules/java/build/Release/nodejavabridge_bindings.node
7f07842d5000-7f07842d6000 rw-p 0002d000 08:06 139278                     /media/muchi/새 볼륨/3-2/node_modules/java/build/Release/nodejavabridge_bindings.node
7f07842d6000-7f0784302000 r-xp 00000000 08:06 145464                     /media/muchi/새 볼륨/3-2/chatbot/node_modules/java/build/Release/nodejavabridge_bindings.node
7f0784302000-7f0784502000 ---p 0002c000 08:06 145464                     /media/muchi/새 볼륨/3-2/chatbot/node_modules/java/build/Release/nodejavabridge_bindings.node
7f0784502000-7f0784503000 r--p 0002c000 08:06 145464                     /media/muchi/새 볼륨/3-2/chatbot/node_modules/java/build/Release/nodejavabridge_bindings.node
7f0784503000-7f0784504000 rw-p 0002d000 08:06 145464                     /media/muchi/새 볼륨/3-2/chatbot/node_modules/java/build/Release/nodejavabridge_bindings.node
7f0784504000-7f0784505000 ---p 00000000 00:00 0 
7f0784505000-7f0784d05000 rw-p 00000000 00:00 0 
7f0784d05000-7f0784d06000 ---p 00000000 00:00 0 
7f0784d06000-7f0785506000 rw-p 00000000 00:00 0 
7f0785506000-7f0785507000 ---p 00000000 00:00 0 
7f0785507000-7f0785d07000 rw-p 00000000 00:00 0 
7f0785d07000-7f0785d08000 ---p 00000000 00:00 0 
7f0785d08000-7f0786508000 rw-p 00000000 00:00 0 
7f0786508000-7f0787eb0000 r-xp 00000000 08:05 8522                       /usr/lib/x86_64-linux-gnu/libicudata.so.60.2
7f0787eb0000-7f07880af000 ---p 019a8000 08:05 8522                       /usr/lib/x86_64-linux-gnu/libicudata.so.60.2
7f07880af000-7f07880b0000 r--p 019a7000 08:05 8522                       /usr/lib/x86_64-linux-gnu/libicudata.so.60.2
7f07880b0000-7f07880b1000 rw-p 019a8000 08:05 8522                       /usr/lib/x86_64-linux-gnu/libicudata.so.60.2
7f07880b1000-7f0788298000 r-xp 00000000 08:05 143291                     /lib/x86_64-linux-gnu/libc-2.27.so
7f0788298000-7f0788498000 ---p 001e7000 08:05 143291                     /lib/x86_64-linux-gnu/libc-2.27.so
7f0788498000-7f078849c000 r--p 001e7000 08:05 143291                     /lib/x86_64-linux-gnu/libc-2.27.so
7f078849c000-7f078849e000 rw-p 001eb000 08:05 143291                     /lib/x86_64-linux-gnu/libc-2.27.so
7f078849e000-7f07884a2000 rw-p 00000000 00:00 0 
7f07884a2000-7f07884bc000 r-xp 00000000 08:05 143412                     /lib/x86_64-linux-gnu/libpthread-2.27.so
7f07884bc000-7f07886bb000 ---p 0001a000 08:05 143412                     /lib/x86_64-linux-gnu/libpthread-2.27.so
7f07886bb000-7f07886bc000 r--p 00019000 08:05 143412                     /lib/x86_64-linux-gnu/libpthread-2.27.so
7f07886bc000-7f07886bd000 rw-p 0001a000 08:05 143412                     /lib/x86_64-linux-gnu/libpthread-2.27.so
7f07886bd000-7f07886c1000 rw-p 00000000 00:00 0 
7f07886c1000-7f07886d8000 r-xp 00000000 08:05 139991                     /lib/x86_64-linux-gnu/libgcc_s.so.1
7f07886d8000-7f07888d7000 ---p 00017000 08:05 139991                     /lib/x86_64-linux-gnu/libgcc_s.so.1
7f07888d7000-7f07888d8000 r--p 00016000 08:05 139991                     /lib/x86_64-linux-gnu/libgcc_s.so.1
7f07888d8000-7f07888d9000 rw-p 00017000 08:05 139991                     /lib/x86_64-linux-gnu/libgcc_s.so.1
7f07888d9000-7f0788a76000 r-xp 00000000 08:05 143348                     /lib/x86_64-linux-gnu/libm-2.27.so
7f0788a76000-7f0788c75000 ---p 0019d000 08:05 143348                     /lib/x86_64-linux-gnu/libm-2.27.so
7f0788c75000-7f0788c76000 r--p 0019c000 08:05 143348                     /lib/x86_64-linux-gnu/libm-2.27.so
7f0788c76000-7f0788c77000 rw-p 0019d000 08:05 143348                     /lib/x86_64-linux-gnu/libm-2.27.so
7f0788c77000-7f0788df0000 r-xp 00000000 08:05 2966                       /usr/lib/x86_64-linux-gnu/libstdc++.so.6.0.25
7f0788df0000-7f0788ff0000 ---p 00179000 08:05 2966                       /usr/lib/x86_64-linux-gnu/libstdc++.so.6.0.25
7f0788ff0000-7f0788ffa000 r--p 00179000 08:05 2966                       /usr/lib/x86_64-linux-gnu/libstdc++.so.6.0.25
7f0788ffa000-7f0788ffc000 rw-p 00183000 08:05 2966                       /usr/lib/x86_64-linux-gnu/libstdc++.so.6.0.25
7f0788ffc000-7f0789000000 rw-p 00000000 00:00 0 
7f0789000000-7f0789007000 r-xp 00000000 08:05 143420                     /lib/x86_64-linux-gnu/librt-2.27.so
7f0789007000-7f0789206000 ---p 00007000 08:05 143420                     /lib/x86_64-linux-gnu/librt-2.27.so
7f0789206000-7f0789207000 r--p 00006000 08:05 143420                     /lib/x86_64-linux-gnu/librt-2.27.so
7f0789207000-7f0789208000 rw-p 00007000 08:05 143420                     /lib/x86_64-linux-gnu/librt-2.27.so
7f0789208000-7f078920b000 r-xp 00000000 08:05 143313                     /lib/x86_64-linux-gnu/libdl-2.27.so
7f078920b000-7f078940a000 ---p 00003000 08:05 143313                     /lib/x86_64-linux-gnu/libdl-2.27.so
7f078940a000-7f078940b000 r--p 00002000 08:05 143313                     /lib/x86_64-linux-gnu/libdl-2.27.so
7f078940b000-7f078940c000 rw-p 00003000 08:05 143313                     /lib/x86_64-linux-gnu/libdl-2.27.so
7f078940c000-7f07895af000 r-xp 00000000 08:05 8532                       /usr/lib/x86_64-linux-gnu/libicuuc.so.60.2
7f07895af000-7f07897ae000 ---p 001a3000 08:05 8532                       /usr/lib/x86_64-linux-gnu/libicuuc.so.60.2
7f07897ae000-7f07897c1000 r--p 001a2000 08:05 8532                       /usr/lib/x86_64-linux-gnu/libicuuc.so.60.2
7f07897c1000-7f07897c2000 rw-p 001b5000 08:05 8532                       /usr/lib/x86_64-linux-gnu/libicuuc.so.60.2
7f07897c2000-7f07897c3000 rw-p 00000000 00:00 0 
7f07897c3000-7f0789a55000 r-xp 00000000 08:05 8524                       /usr/lib/x86_64-linux-gnu/libicui18n.so.60.2
7f0789a55000-7f0789c54000 ---p 00292000 08:05 8524                       /usr/lib/x86_64-linux-gnu/libicui18n.so.60.2
7f0789c54000-7f0789c63000 r--p 00291000 08:05 8524                       /usr/lib/x86_64-linux-gnu/libicui18n.so.60.2
7f0789c63000-7f0789c64000 rw-p 002a0000 08:05 8524                       /usr/lib/x86_64-linux-gnu/libicui18n.so.60.2
7f0789c64000-7f0789cc2000 r-xp 00000000 08:05 162                        /usr/lib/x86_64-linux-gnu/libssl.so.1.0.0
7f0789cc2000-7f0789ec2000 ---p 0005e000 08:05 162                        /usr/lib/x86_64-linux-gnu/libssl.so.1.0.0
7f0789ec2000-7f0789ec6000 r--p 0005e000 08:05 162                        /usr/lib/x86_64-linux-gnu/libssl.so.1.0.0
7f0789ec6000-7f0789ecc000 rw-p 00062000 08:05 162                        /usr/lib/x86_64-linux-gnu/libssl.so.1.0.0
7f0789ecc000-7f078a0e5000 r-xp 00000000 08:05 155                        /usr/lib/x86_64-linux-gnu/libcrypto.so.1.0.0
7f078a0e5000-7f078a2e4000 ---p 00219000 08:05 155                        /usr/lib/x86_64-linux-gnu/libcrypto.so.1.0.0
7f078a2e4000-7f078a300000 r--p 00218000 08:05 155                        /usr/lib/x86_64-linux-gnu/libcrypto.so.1.0.0
7f078a300000-7f078a30c000 rw-p 00234000 08:05 155                        /usr/lib/x86_64-linux-gnu/libcrypto.so.1.0.0
7f078a30c000-7f078a30f000 rw-p 00000000 00:00 0 
7f078a30f000-7f078a332000 r-xp 00000000 08:05 8698                       /usr/lib/x86_64-linux-gnu/libnghttp2.so.14.15.2
7f078a332000-7f078a531000 ---p 00023000 08:05 8698                       /usr/lib/x86_64-linux-gnu/libnghttp2.so.14.15.2
7f078a531000-7f078a532000 r--p 00022000 08:05 8698                       /usr/lib/x86_64-linux-gnu/libnghttp2.so.14.15.2
7f078a532000-7f078a534000 rw-p 00023000 08:05 8698                       /usr/lib/x86_64-linux-gnu/libnghttp2.so.14.15.2
7f078a534000-7f078a545000 r-xp 00000000 08:05 3163                       /usr/lib/x86_64-linux-gnu/libcares.so.2.2.0
7f078a545000-7f078a744000 ---p 00011000 08:05 3163                       /usr/lib/x86_64-linux-gnu/libcares.so.2.2.0
7f078a744000-7f078a745000 r--p 00010000 08:05 3163                       /usr/lib/x86_64-linux-gnu/libcares.so.2.2.0
7f078a745000-7f078a746000 rw-p 00011000 08:05 3163                       /usr/lib/x86_64-linux-gnu/libcares.so.2.2.0
7f078a746000-7f078a76b000 r-xp 00000000 08:05 2926                       /usr/lib/x86_64-linux-gnu/libuv.so.1.0.0
7f078a76b000-7f078a96a000 ---p 00025000 08:05 2926                       /usr/lib/x86_64-linux-gnu/libuv.so.1.0.0
7f078a96a000-7f078a96b000 r--p 00024000 08:05 2926                       /usr/lib/x86_64-linux-gnu/libuv.so.1.0.0
7f078a96b000-7f078a96c000 rw-p 00025000 08:05 2926                       /usr/lib/x86_64-linux-gnu/libuv.so.1.0.0
7f078a96c000-7f078a973000 r-xp 00000000 08:05 3309                       /usr/lib/x86_64-linux-gnu/libhttp_parser.so.2.7.1
7f078a973000-7f078ab73000 ---p 00007000 08:05 3309                       /usr/lib/x86_64-linux-gnu/libhttp_parser.so.2.7.1
7f078ab73000-7f078ab74000 r--p 00007000 08:05 3309                       /usr/lib/x86_64-linux-gnu/libhttp_parser.so.2.7.1
7f078ab74000-7f078ab75000 rw-p 00008000 08:05 3309                       /usr/lib/x86_64-linux-gnu/libhttp_parser.so.2.7.1
7f078ab75000-7f078ab91000 r-xp 00000000 08:05 143449                     /lib/x86_64-linux-gnu/libz.so.1.2.11
7f078ab91000-7f078ad90000 ---p 0001c000 08:05 143449                     /lib/x86_64-linux-gnu/libz.so.1.2.11
7f078ad90000-7f078ad91000 r--p 0001b000 08:05 143449                     /lib/x86_64-linux-gnu/libz.so.1.2.11
7f078ad91000-7f078ad92000 rw-p 0001c000 08:05 143449                     /lib/x86_64-linux-gnu/libz.so.1.2.11
7f078ad92000-7f078adb9000 r-xp 00000000 08:05 143264                     /lib/x86_64-linux-gnu/ld-2.27.so
7f078adc4000-7f078adc5000 r--s 00007000 08:05 2627179                    /home/muchi/.m2/repository/org/slf4j/slf4j-api/1.7.12/slf4j-api-1.7.12.jar
7f078adc5000-7f078adc6000 r--s 00000000 08:05 2496254                    /home/muchi/.m2/repository/org/jetbrains/kotlin/kotlin-stdlib-jdk7/1.3.10/kotlin-stdlib-jdk7-1.3.10.jar
7f078adc6000-7f078adc8000 r--s 00005000 08:05 2496303                    /home/muchi/.m2/repository/com/typesafe/scala-logging/scala-logging_2.12/3.5.0/scala-logging_2.12-3.5.0.jar
7f078adc8000-7f078adc9000 r--s 00001000 08:05 1374470                    /home/muchi/.m2/repository/org/slf4j/slf4j-jdk14/1.7.12/slf4j-jdk14-1.7.12.jar
7f078adc9000-7f078adca000 r--s 00002000 08:05 2496258                    /home/muchi/.m2/repository/com/github/shineware/aho-corasick/1.0.9/aho-corasick-1.0.9.jar
7f078adca000-7f078adcb000 r--s 00004000 08:05 2496257                    /home/muchi/.m2/repository/com/github/shineware/commons/1.0.1/commons-1.0.1.jar
7f078adcb000-7f078adcd000 r--s 00002000 08:05 2496241                    /home/muchi/.m2/repository/org/jetbrains/kotlin/kotlin-stdlib-jdk8/1.3.10/kotlin-stdlib-jdk8-1.3.10.jar
7f078adcd000-7f078adcf000 r--s 00003000 08:05 2496253                    /home/muchi/.m2/repository/org/jetbrains/annotations/13.0/annotations-13.0.jar
7f078adcf000-7f078add6000 r--s 0001e000 08:05 2496252                    /home/muchi/.m2/repository/org/jetbrains/kotlin/kotlin-stdlib-common/1.3.10/kotlin-stdlib-common-1.3.10.jar
7f078add6000-7f078add7000 r--s 00000000 08:05 534606                     /home/muchi/.m2/repository/org/slf4j/slf4j-nop/1.7.12/slf4j-nop-1.7.12.jar
7f078add7000-7f078adda000 r--s 016f8000 08:05 2627176                    /home/muchi/.m2/repository/org/bitbucket/eunjeon/seunjeon_2.12/1.5.0/seunjeon_2.12-1.5.0.jar
7f078adda000-7f078addd000 r--s 003b9000 08:05 2496235                    /home/muchi/.m2/repository/com/github/shin285/KOMORAN/3.3.4/KOMORAN-3.3.4.jar
7f078addd000-7f078ade0000 r--s 00039000 08:05 2496230                    /home/muchi/.m2/repository/kr/bydelta/koalanlp-core/2.0.4/koalanlp-core-2.0.4.jar
7f078ade0000-7f078adf3000 r--s 0010e000 08:05 2496232                    /home/muchi/.m2/repository/org/jetbrains/kotlin/kotlin-stdlib/1.3.10/kotlin-stdlib-1.3.10.jar
7f078adf3000-7f078adf4000 r--s 00007000 08:05 2496289                    /home/muchi/.m2/repository/kr/bydelta/koalanlp-eunjeon/2.0.6/koalanlp-eunjeon-2.0.6.jar
7f078adf4000-7f078adf5000 r--s 00005000 08:05 2496214                    /home/muchi/.m2/repository/kr/bydelta/koalanlp-kmr/2.0.4/koalanlp-kmr-2.0.4.jar
7f078adf5000-7f078adfd000 r--s 0006e000 08:06 6959                       /media/muchi/새 볼륨/3-2/node_modules/java/commons-lang3-node-java.jar
7f078adfd000-7f078ae07000 r--s 00116000 08:05 405178                     /usr/lib/jvm/java-8-openjdk-amd64/jre/lib/ext/localedata.jar
7f078ae07000-7f078ae22000 r--s 00394000 08:05 405174                     /usr/lib/jvm/java-8-openjdk-amd64/jre/lib/ext/cldrdata.jar
7f078ae22000-7f078ae3d000 r--s 001d6000 08:05 405179                     /usr/lib/jvm/java-8-openjdk-amd64/jre/lib/ext/nashorn.jar
7f078ae3d000-7f078ae8d000 rw-p 00000000 00:00 0 
7f078ae8d000-7f078ae8e000 ---p 00000000 00:00 0 
7f078ae8e000-7f078af9a000 rw-p 00000000 00:00 0 
7f078af9a000-7f078af9b000 r--s 0000d000 08:05 405180                     /usr/lib/jvm/java-8-openjdk-amd64/jre/lib/ext/sunec.jar
7f078af9b000-7f078af9e000 r--s 0000f000 08:05 405176                     /usr/lib/jvm/java-8-openjdk-amd64/jre/lib/ext/icedtea-sound.jar
7f078af9e000-7f078afa3000 r--s 0003c000 08:05 405181                     /usr/lib/jvm/java-8-openjdk-amd64/jre/lib/ext/sunjce_provider.jar
7f078afa3000-7f078afa4000 r--s 00010000 08:05 405183                     /usr/lib/jvm/java-8-openjdk-amd64/jre/lib/ext/zipfs.jar
7f078afa4000-7f078afa7000 r--s 00039000 08:05 405182                     /usr/lib/jvm/java-8-openjdk-amd64/jre/lib/ext/sunpkcs11.jar
7f078afa7000-7f078afa8000 r--s 0000a000 08:05 405177                     /usr/lib/jvm/java-8-openjdk-amd64/jre/lib/ext/jaccess.jar
7f078afa8000-7f078afaa000 r--s 00001000 08:05 405175                     /usr/lib/jvm/java-8-openjdk-amd64/jre/lib/ext/dnsns.jar
7f078afaa000-7f078afb2000 rw-s 00000000 08:05 1972516                    /tmp/hsperfdata_muchi/6628
7f078afb2000-7f078afb3000 rw-p 00000000 00:00 0 
7f078afb3000-7f078afb4000 r--p 00000000 00:00 0 
7f078afb4000-7f078afb5000 ---p 00000000 00:00 0 
7f078afb5000-7f078afb9000 rw-p 00000000 00:00 0 
7f078afb9000-7f078afba000 r--p 00027000 08:05 143264                     /lib/x86_64-linux-gnu/ld-2.27.so
7f078afba000-7f078afbb000 rw-p 00028000 08:05 143264                     /lib/x86_64-linux-gnu/ld-2.27.so
7f078afbb000-7f078afbc000 rw-p 00000000 00:00 0 
7ffd98fe9000-7ffd98fec000 ---p 00000000 00:00 0 
7ffd98fec000-7ffd990e9000 rw-p 00000000 00:00 0                          [stack]
7ffd990f4000-7ffd990f7000 r--p 00000000 00:00 0                          [vvar]
7ffd990f7000-7ffd990f8000 r-xp 00000000 00:00 0                          [vdso]
ffffffffff600000-ffffffffff601000 r-xp 00000000 00:00 0                  [vsyscall]

VM Arguments:
jvm_args: -Xmx4g -Dfile.encoding=utf-8 
java_command: <unknown>
java_class_path (initial): /media/muchi/새 볼륨/3-2/node_modules/java/commons-lang3-node-java.jar:/media/muchi/새 볼륨/3-2/node_modules/java/src-java:/home/muchi/.m2/repository/kr/bydelta/koalanlp-kmr/2.0.4/koalanlp-kmr-2.0.4.jar:/home/muchi/.m2/repository/kr/bydelta/koalanlp-eunjeon/2.0.6/koalanlp-eunjeon-2.0.6.jar:/home/muchi/.m2/repository/org/jetbrains/kotlin/kotlin-stdlib/1.3.10/kotlin-stdlib-1.3.10.jar:/home/muchi/.m2/repository/kr/bydelta/koalanlp-core/2.0.4/koalanlp-core-2.0.4.jar:/home/muchi/.m2/repository/com/github/shin285/KOMORAN/3.3.4/KOMORAN-3.3.4.jar:/home/muchi/.m2/repository/org/bitbucket/eunjeon/seunjeon_2.12/1.5.0/seunjeon_2.12-1.5.0.jar:/home/muchi/.m2/repository/org/slf4j/slf4j-nop/1.7.12/slf4j-nop-1.7.12.jar:/home/muchi/.m2/repository/org/jetbrains/kotlin/kotlin-stdlib-common/1.3.10/kotlin-stdlib-common-1.3.10.jar:/home/muchi/.m2/repository/org/jetbrains/annotations/13.0/annotations-13.0.jar:/home/muchi/.m2/repository/org/jetbrains/kotlin/kotlin-stdlib-jdk8/1.3.10/kotlin-stdlib-jdk8-1.3.10.jar:/home/muchi/.m2/repository/com/github/shineware/commons/1.0.1/commons-1.0.1.jar:/home/muchi/.m2/repository/com/github/shineware/aho-corasick/1.0.9/aho-corasick-1.0.9.jar:/home/muchi/.m2/repository/org/scala-lang/scala-library/2.12.0/scala-library-2.12.0.jar:/home/muchi/.m2/repository/org/slf4j/slf4j-jdk14/1.7.12/slf4j-jdk14-1.7.12.jar:/home/muchi/.m2/repository/com/typesafe/scala-logging/scala-logging_2.12/3.5.0/scala-logging_2.12-3.5.0.jar:/home/muchi/.m2/repository/org/jetbrains/kotlin/kotlin-stdlib-jdk7/1.3.10/kotlin-stdlib-jdk7-1.3.10.jar:/home/muchi/.m2/repository/org/slf4j/slf4j-api/1.7.12/slf4j-api-1.7.12.jar:/home/muchi/.m2/repository/org/scala-lang/scala-reflect/2.12.0/scala-reflect-2.12.0.jar
Launcher Type: generic

Environment Variables:
PATH=/usr/local/sbin:/usr/local/bin:/usr/sbin:/usr/bin:/sbin:/bin:/usr/games:/usr/local/games:/snap/bin:/usr/lib/jvm/java-8-openjdk-amd64/jre/lib/amd64/server:/usr/lib/jvm/java-8-openjdk-amd64/jre/lib/amd64/server
USERNAME=muchi
SHELL=/bin/bash
DISPLAY=:0

Signal Handlers:
SIGSEGV: [libjvm.so+0xab92f0], sa_mask[0]=11111111011111111101111111111110, sa_flags=SA_RESTART|SA_SIGINFO
SIGBUS: [libjvm.so+0xab92f0], sa_mask[0]=11111111011111111101111111111110, sa_flags=SA_RESTART|SA_SIGINFO
SIGFPE: [libjvm.so+0x8ee560], sa_mask[0]=11111111011111111101111111111110, sa_flags=SA_RESTART|SA_SIGINFO
SIGPIPE: [libjvm.so+0x8ee560], sa_mask[0]=11111111011111111101111111111110, sa_flags=SA_RESTART|SA_SIGINFO
SIGXFSZ: [libjvm.so+0x8ee560], sa_mask[0]=11111111011111111101111111111110, sa_flags=SA_RESTART|SA_SIGINFO
SIGILL: [libjvm.so+0x8ee560], sa_mask[0]=11111111011111111101111111111110, sa_flags=SA_RESTART|SA_SIGINFO
SIGUSR1: [+0xc572b0], sa_mask[0]=11111111011111111101111111111110, sa_flags=none
SIGUSR2: [libjvm.so+0x8ee410], sa_mask[0]=00000000000000000000000000000000, sa_flags=SA_RESTART|SA_SIGINFO
SIGHUP: [libjvm.so+0x8eea80], sa_mask[0]=11111111011111111101111111111110, sa_flags=SA_RESTART|SA_SIGINFO
SIGINT: [libjvm.so+0x8eea80], sa_mask[0]=11111111011111111101111111111110, sa_flags=SA_RESTART|SA_SIGINFO
SIGTERM: [libjvm.so+0x8eea80], sa_mask[0]=11111111011111111101111111111110, sa_flags=SA_RESTART|SA_SIGINFO
SIGQUIT: [libjvm.so+0x8eea80], sa_mask[0]=11111111011111111101111111111110, sa_flags=SA_RESTART|SA_SIGINFO


---------------  S Y S T E M  ---------------

OS:DISTRIB_ID=Ubuntu
DISTRIB_RELEASE=18.04
DISTRIB_CODENAME=bionic
DISTRIB_DESCRIPTION="Ubuntu 18.04.3 LTS"

uname:Linux 5.0.0-27-generic #28~18.04.1-Ubuntu SMP Thu Aug 22 03:00:32 UTC 2019 x86_64
libc:glibc 2.27 NPTL 2.27 
rlimit: STACK 8192k, CORE 0k, NPROC 63480, NOFILE 1048576, AS infinity
load average:1.26 0.81 0.47

/proc/meminfo:
MemTotal:       16298696 kB
MemFree:         9299836 kB
MemAvailable:   11716420 kB
Buffers:          352228 kB
Cached:          2276744 kB
SwapCached:            0 kB
Active:          4838424 kB
Inactive:        1492108 kB
Active(anon):    3630876 kB
Inactive(anon):   189656 kB
Active(file):    1207548 kB
Inactive(file):  1302452 kB
Unevictable:       53188 kB
Mlocked:              20 kB
SwapTotal:       2097148 kB
SwapFree:        2097148 kB
Dirty:              1576 kB
Writeback:             0 kB
AnonPages:       3754728 kB
Mapped:           905544 kB
Shmem:            259992 kB
KReclaimable:     248796 kB
Slab:             332940 kB
SReclaimable:     248796 kB
SUnreclaim:        84144 kB
KernelStack:       20272 kB
PageTables:        77028 kB
NFS_Unstable:          0 kB
Bounce:                0 kB
WritebackTmp:          0 kB
CommitLimit:    10246496 kB
Committed_AS:   11236952 kB
VmallocTotal:   34359738367 kB
VmallocUsed:           0 kB
VmallocChunk:          0 kB
Percpu:             2528 kB
HardwareCorrupted:     0 kB
AnonHugePages:         0 kB
ShmemHugePages:        0 kB
ShmemPmdMapped:        0 kB
CmaTotal:              0 kB
CmaFree:               0 kB
HugePages_Total:       0
HugePages_Free:        0
HugePages_Rsvd:        0
HugePages_Surp:        0
Hugepagesize:       2048 kB
Hugetlb:               0 kB
DirectMap4k:      431444 kB
DirectMap2M:     9930752 kB
DirectMap1G:     6291456 kB

container (cgroup) information:
container_type: cgroupv1
cpu_cpuset_cpus: 0-7
cpu_memory_nodes: 0
active_processor_count: 8
cpu_quota: -1
cpu_period: 100000
cpu_shares: -1
memory_limit_in_bytes: -1
memory_and_swap_limit_in_bytes: -2
memory_soft_limit_in_bytes: -1
memory_usage_in_bytes: 6536900608
memory_max_usage_in_bytes: 0


CPU:total 8 (initial active 8) (4 cores per cpu, 2 threads per core) family 6 model 94 stepping 3, cmov, cx8, fxsr, mmx, sse, sse2, sse3, ssse3, sse4.1, sse4.2, popcnt, avx, avx2, aes, clmul, erms, rtm, 3dnowpref, lzcnt, ht, tsc, tscinvbit, bmi1, bmi2, adx

/proc/cpuinfo:
processor	: 0
vendor_id	: GenuineIntel
cpu family	: 6
model		: 94
model name	: Intel(R) Core(TM) i7-6700HQ CPU @ 2.60GHz
stepping	: 3
microcode	: 0xcc
cpu MHz		: 2857.696
cache size	: 6144 KB
physical id	: 0
siblings	: 8
core id		: 0
cpu cores	: 4
apicid		: 0
initial apicid	: 0
fpu		: yes
fpu_exception	: yes
cpuid level	: 22
wp		: yes
flags		: fpu vme de pse tsc msr pae mce cx8 apic sep mtrr pge mca cmov pat pse36 clflush dts acpi mmx fxsr sse sse2 ss ht tm pbe syscall nx pdpe1gb rdtscp lm constant_tsc art arch_perfmon pebs bts rep_good nopl xtopology nonstop_tsc cpuid aperfmperf tsc_known_freq pni pclmulqdq dtes64 monitor ds_cpl vmx est tm2 ssse3 sdbg fma cx16 xtpr pdcm pcid sse4_1 sse4_2 x2apic movbe popcnt tsc_deadline_timer aes xsave avx f16c rdrand lahf_lm abm 3dnowprefetch cpuid_fault epb invpcid_single pti ssbd ibrs ibpb stibp tpr_shadow vnmi flexpriority ept vpid ept_ad fsgsbase tsc_adjust bmi1 hle avx2 smep bmi2 erms invpcid rtm mpx rdseed adx smap clflushopt intel_pt xsaveopt xsavec xgetbv1 xsaves dtherm ida arat pln pts hwp hwp_notify hwp_act_window hwp_epp md_clear flush_l1d
bugs		: cpu_meltdown spectre_v1 spectre_v2 spec_store_bypass l1tf mds swapgs
bogomips	: 5184.00
clflush size	: 64
cache_alignment	: 64
address sizes	: 39 bits physical, 48 bits virtual
power management:

processor	: 1
vendor_id	: GenuineIntel
cpu family	: 6
model		: 94
model name	: Intel(R) Core(TM) i7-6700HQ CPU @ 2.60GHz
stepping	: 3
microcode	: 0xcc
cpu MHz		: 2844.809
cache size	: 6144 KB
physical id	: 0
siblings	: 8
core id		: 1
cpu cores	: 4
apicid		: 2
initial apicid	: 2
fpu		: yes
fpu_exception	: yes
cpuid level	: 22
wp		: yes
flags		: fpu vme de pse tsc msr pae mce cx8 apic sep mtrr pge mca cmov pat pse36 clflush dts acpi mmx fxsr sse sse2 ss ht tm pbe syscall nx pdpe1gb rdtscp lm constant_tsc art arch_perfmon pebs bts rep_good nopl xtopology nonstop_tsc cpuid aperfmperf tsc_known_freq pni pclmulqdq dtes64 monitor ds_cpl vmx est tm2 ssse3 sdbg fma cx16 xtpr pdcm pcid sse4_1 sse4_2 x2apic movbe popcnt tsc_deadline_timer aes xsave avx f16c rdrand lahf_lm abm 3dnowprefetch cpuid_fault epb invpcid_single pti ssbd ibrs ibpb stibp tpr_shadow vnmi flexpriority ept vpid ept_ad fsgsbase tsc_adjust bmi1 hle avx2 smep bmi2 erms invpcid rtm mpx rdseed adx smap clflushopt intel_pt xsaveopt xsavec xgetbv1 xsaves dtherm ida arat pln pts hwp hwp_notify hwp_act_window hwp_epp md_clear flush_l1d
bugs		: cpu_meltdown spectre_v1 spectre_v2 spec_store_bypass l1tf mds swapgs
bogomips	: 5184.00
clflush size	: 64
cache_alignment	: 64
address sizes	: 39 bits physical, 48 bits virtual
power management:

processor	: 2
vendor_id	: GenuineIntel
cpu family	: 6
model		: 94
model name	: Intel(R) Core(TM) i7-6700HQ CPU @ 2.60GHz
stepping	: 3
microcode	: 0xcc
cpu MHz		: 2891.529
cache size	: 6144 KB
physical id	: 0
siblings	: 8
core id		: 2
cpu cores	: 4
apicid		: 4
initial apicid	: 4
fpu		: yes
fpu_exception	: yes
cpuid level	: 22
wp		: yes
flags		: fpu vme de pse tsc msr pae mce cx8 apic sep mtrr pge mca cmov pat pse36 clflush dts acpi mmx fxsr sse sse2 ss ht tm pbe syscall nx pdpe1gb rdtscp lm constant_tsc art arch_perfmon pebs bts rep_good nopl xtopology nonstop_tsc cpuid aperfmperf tsc_known_freq pni pclmulqdq dtes64 monitor ds_cpl vmx est tm2 ssse3 sdbg fma cx16 xtpr pdcm pcid sse4_1 sse4_2 x2apic movbe popcnt tsc_deadline_timer aes xsave avx f16c rdrand lahf_lm abm 3dnowprefetch cpuid_fault epb invpcid_single pti ssbd ibrs ibpb stibp tpr_shadow vnmi flexpriority ept vpid ept_ad fsgsbase tsc_adjust bmi1 hle avx2 smep bmi2 erms invpcid rtm mpx rdseed adx smap clflushopt intel_pt xsaveopt xsavec xgetbv1 xsaves dtherm ida arat pln pts hwp hwp_notify hwp_act_window hwp_epp md_clear flush_l1d
bugs		: cpu_meltdown spectre_v1 spectre_v2 spec_store_bypass l1tf mds swapgs
bogomips	: 5184.00
clflush size	: 64
cache_alignment	: 64
address sizes	: 39 bits physical, 48 bits virtual
power management:

processor	: 3
vendor_id	: GenuineIntel
cpu family	: 6
model		: 94
model name	: Intel(R) Core(TM) i7-6700HQ CPU @ 2.60GHz
stepping	: 3
microcode	: 0xcc
cpu MHz		: 2955.092
cache size	: 6144 KB
physical id	: 0
siblings	: 8
core id		: 3
cpu cores	: 4
apicid		: 6
initial apicid	: 6
fpu		: yes
fpu_exception	: yes
cpuid level	: 22
wp		: yes
flags		: fpu vme de pse tsc msr pae mce cx8 apic sep mtrr pge mca cmov pat pse36 clflush dts acpi mmx fxsr sse sse2 ss ht tm pbe syscall nx pdpe1gb rdtscp lm constant_tsc art arch_perfmon pebs bts rep_good nopl xtopology nonstop_tsc cpuid aperfmperf tsc_known_freq pni pclmulqdq dtes64 monitor ds_cpl vmx est tm2 ssse3 sdbg fma cx16 xtpr pdcm pcid sse4_1 sse4_2 x2apic movbe popcnt tsc_deadline_timer aes xsave avx f16c rdrand lahf_lm abm 3dnowprefetch cpuid_fault epb invpcid_single pti ssbd ibrs ibpb stibp tpr_shadow vnmi flexpriority ept vpid ept_ad fsgsbase tsc_adjust bmi1 hle avx2 smep bmi2 erms invpcid rtm mpx rdseed adx smap clflushopt intel_pt xsaveopt xsavec xgetbv1 xsaves dtherm ida arat pln pts hwp hwp_notify hwp_act_window hwp_epp md_clear flush_l1d
bugs		: cpu_meltdown spectre_v1 spectre_v2 spec_store_bypass l1tf mds swapgs
bogomips	: 5184.00
clflush size	: 64
cache_alignment	: 64
address sizes	: 39 bits physical, 48 bits virtual
power management:

processor	: 4
vendor_id	: GenuineIntel
cpu family	: 6
model		: 94
model name	: Intel(R) Core(TM) i7-6700HQ CPU @ 2.60GHz
stepping	: 3
microcode	: 0xcc
cpu MHz		: 2894.075
cache size	: 6144 KB
physical id	: 0
siblings	: 8
core id		: 0
cpu cores	: 4
apicid		: 1
initial apicid	: 1
fpu		: yes
fpu_exception	: yes
cpuid level	: 22
wp		: yes
flags		: fpu vme de pse tsc msr pae mce cx8 apic sep mtrr pge mca cmov pat pse36 clflush dts acpi mmx fxsr sse sse2 ss ht tm pbe syscall nx pdpe1gb rdtscp lm constant_tsc art arch_perfmon pebs bts rep_good nopl xtopology nonstop_tsc cpuid aperfmperf tsc_known_freq pni pclmulqdq dtes64 monitor ds_cpl vmx est tm2 ssse3 sdbg fma cx16 xtpr pdcm pcid sse4_1 sse4_2 x2apic movbe popcnt tsc_deadline_timer aes xsave avx f16c rdrand lahf_lm abm 3dnowprefetch cpuid_fault epb invpcid_single pti ssbd ibrs ibpb stibp tpr_shadow vnmi flexpriority ept vpid ept_ad fsgsbase tsc_adjust bmi1 hle avx2 smep bmi2 erms invpcid rtm mpx rdseed adx smap clflushopt intel_pt xsaveopt xsavec xgetbv1 xsaves dtherm ida arat pln pts hwp hwp_notify hwp_act_window hwp_epp md_clear flush_l1d
bugs		: cpu_meltdown spectre_v1 spectre_v2 spec_store_bypass l1tf mds swapgs
bogomips	: 5184.00
clflush size	: 64
cache_alignment	: 64
address sizes	: 39 bits physical, 48 bits virtual
power management:

processor	: 5
vendor_id	: GenuineIntel
cpu family	: 6
model		: 94
model name	: Intel(R) Core(TM) i7-6700HQ CPU @ 2.60GHz
stepping	: 3
microcode	: 0xcc
cpu MHz		: 2926.689
cache size	: 6144 KB
physical id	: 0
siblings	: 8
core id		: 1
cpu cores	: 4
apicid		: 3
initial apicid	: 3
fpu		: yes
fpu_exception	: yes
cpuid level	: 22
wp		: yes
flags		: fpu vme de pse tsc msr pae mce cx8 apic sep mtrr pge mca cmov pat pse36 clflush dts acpi mmx fxsr sse sse2 ss ht tm pbe syscall nx pdpe1gb rdtscp lm constant_tsc art arch_perfmon pebs bts rep_good nopl xtopology nonstop_tsc cpuid aperfmperf tsc_known_freq pni pclmulqdq dtes64 monitor ds_cpl vmx est tm2 ssse3 sdbg fma cx16 xtpr pdcm pcid sse4_1 sse4_2 x2apic movbe popcnt tsc_deadline_timer aes xsave avx f16c rdrand lahf_lm abm 3dnowprefetch cpuid_fault epb invpcid_single pti ssbd ibrs ibpb stibp tpr_shadow vnmi flexpriority ept vpid ept_ad fsgsbase tsc_adjust bmi1 hle avx2 smep bmi2 erms invpcid rtm mpx rdseed adx smap clflushopt intel_pt xsaveopt xsavec xgetbv1 xsaves dtherm ida arat pln pts hwp hwp_notify hwp_act_window hwp_epp md_clear flush_l1d
bugs		: cpu_meltdown spectre_v1 spectre_v2 spec_store_bypass l1tf mds swapgs
bogomips	: 5184.00
clflush size	: 64
cache_alignment	: 64
address sizes	: 39 bits physical, 48 bits virtual
power management:

processor	: 6
vendor_id	: GenuineIntel
cpu family	: 6
model		: 94
model name	: Intel(R) Core(TM) i7-6700HQ CPU @ 2.60GHz
stepping	: 3
microcode	: 0xcc
cpu MHz		: 3099.974
cache size	: 6144 KB
physical id	: 0
siblings	: 8
core id		: 2
cpu cores	: 4
apicid		: 5
initial apicid	: 5
fpu		: yes
fpu_exception	: yes
cpuid level	: 22
wp		: yes
flags		: fpu vme de pse tsc msr pae mce cx8 apic sep mtrr pge mca cmov pat pse36 clflush dts acpi mmx fxsr sse sse2 ss ht tm pbe syscall nx pdpe1gb rdtscp lm constant_tsc art arch_perfmon pebs bts rep_good nopl xtopology nonstop_tsc cpuid aperfmperf tsc_known_freq pni pclmulqdq dtes64 monitor ds_cpl vmx est tm2 ssse3 sdbg fma cx16 xtpr pdcm pcid sse4_1 sse4_2 x2apic movbe popcnt tsc_deadline_timer aes xsave avx f16c rdrand lahf_lm abm 3dnowprefetch cpuid_fault epb invpcid_single pti ssbd ibrs ibpb stibp tpr_shadow vnmi flexpriority ept vpid ept_ad fsgsbase tsc_adjust bmi1 hle avx2 smep bmi2 erms invpcid rtm mpx rdseed adx smap clflushopt intel_pt xsaveopt xsavec xgetbv1 xsaves dtherm ida arat pln pts hwp hwp_notify hwp_act_window hwp_epp md_clear flush_l1d
bugs		: cpu_meltdown spectre_v1 spectre_v2 spec_store_bypass l1tf mds swapgs
bogomips	: 5184.00
clflush size	: 64
cache_alignment	: 64
address sizes	: 39 bits physical, 48 bits virtual
power management:

processor	: 7
vendor_id	: GenuineIntel
cpu family	: 6
model		: 94
model name	: Intel(R) Core(TM) i7-6700HQ CPU @ 2.60GHz
stepping	: 3
microcode	: 0xcc
cpu MHz		: 3099.956
cache size	: 6144 KB
physical id	: 0
siblings	: 8
core id		: 3
cpu cores	: 4
apicid		: 7
initial apicid	: 7
fpu		: yes
fpu_exception	: yes
cpuid level	: 22
wp		: yes
flags		: fpu vme de pse tsc msr pae mce cx8 apic sep mtrr pge mca cmov pat pse36 clflush dts acpi mmx fxsr sse sse2 ss ht tm pbe syscall nx pdpe1gb rdtscp lm constant_tsc art arch_perfmon pebs bts rep_good nopl xtopology nonstop_tsc cpuid aperfmperf tsc_known_freq pni pclmulqdq dtes64 monitor ds_cpl vmx est tm2 ssse3 sdbg fma cx16 xtpr pdcm pcid sse4_1 sse4_2 x2apic movbe popcnt tsc_deadline_timer aes xsave avx f16c rdrand lahf_lm abm 3dnowprefetch cpuid_fault epb invpcid_single pti ssbd ibrs ibpb stibp tpr_shadow vnmi flexpriority ept vpid ept_ad fsgsbase tsc_adjust bmi1 hle avx2 smep bmi2 erms invpcid rtm mpx rdseed adx smap clflushopt intel_pt xsaveopt xsavec xgetbv1 xsaves dtherm ida arat pln pts hwp hwp_notify hwp_act_window hwp_epp md_clear flush_l1d
bugs		: cpu_meltdown spectre_v1 spectre_v2 spec_store_bypass l1tf mds swapgs
bogomips	: 5184.00
clflush size	: 64
cache_alignment	: 64
address sizes	: 39 bits physical, 48 bits virtual
power management:



Memory: 4k page, physical 16298696k(9299836k free), swap 2097148k(2097148k free)

vm_info: OpenJDK 64-Bit Server VM (25.222-b10) for linux-amd64 JRE (1.8.0_222-8u222-b10-1ubuntu1~18.04.1-b10), built on Jul 18 2019 18:52:48 by "buildd" with gcc 7.4.0

time: Tue Sep 17 19:24:27 2019
timezone: KST
elapsed time: 10 seconds (0d 0h 0m 10s)

