#
# A fatal error has been detected by the Java Runtime Environment:
#
#  SIGSEGV (0xb) at pc=0x00007f35b649adb5, pid=7053, tid=0x00007f35bd133b80
#
# JRE version: OpenJDK Runtime Environment (8.0_222-b10) (build 1.8.0_222-8u222-b10-1ubuntu1~18.04.1-b10)
# Java VM: OpenJDK 64-Bit Server VM (25.222-b10 mixed mode linux-amd64 compressed oops)
# Problematic frame:
# C  [nodejavabridge_bindings.node+0x21db5]  getSystemClassLoader(JNIEnv_*)+0x15
#
# Failed to write core dump. Core dumps have been disabled. To enable core dumping, try "ulimit -c unlimited" before starting Java again
#
# If you would like to submit a bug report, please visit:
#   http://bugreport.java.com/bugreport/crash.jsp
# The crash happened outside the Java Virtual Machine in native code.
# See problematic frame for where to report the bug.
#

---------------  T H R E A D  ---------------

Current thread (0x000056422b2c3000):  JavaThread "main" [_thread_in_native, id=7053, stack(0x00007ffe92ddb000,0x00007ffe92edb000)]

siginfo: si_signo: 11 (SIGSEGV), si_code: 1 (SEGV_MAPERR), si_addr: 0x0000000000000000

Registers:
RAX=0x0000000000000000, RBX=0x0000000000000000, RCX=0x0000000000000006, RDX=0x000056422b18d010
RSP=0x00007ffe92ed3b90, RBP=0x00007ffe92ed3bb0, RSI=0x00007f35b64a2200, RDI=0x0000000000000000
R8 =0x0000000000000010, R9 =0x000056422b2effa0, R10=0x0000000000000009, R11=0x00007f35b649ada0
R12=0x00007ffe92ed3c70, R13=0x000056422b1f9258, R14=0x000056422b26c390, R15=0x00007ffe92ed3c30
RIP=0x00007f35b649adb5, EFLAGS=0x0000000000010206, CSGSFS=0x002b000000000033, ERR=0x0000000000000004
  TRAPNO=0x000000000000000e

Top of Stack: (sp=0x00007ffe92ed3b90)
0x00007ffe92ed3b90:   000056422d315ea0 00007ffe92ed3c70
0x00007ffe92ed3ba0:   000056422b1f9258 000056422b26c390
0x00007ffe92ed3bb0:   00007ffe92ed3e20 00007f35b6487d06
0x00007ffe92ed3bc0:   0000000000000000 0000000100000000
0x00007ffe92ed3bd0:   00007ffe92ed3c70 000056422d315ea0
0x00007ffe92ed3be0:   00007ffe92ed3c20 000056422b26c390
0x00007ffe92ed3bf0:   000056422b26c388 00007f35bb19ac38
0x00007ffe92ed3c00:   00007f35bb19ac10 000056422b26c370
0x00007ffe92ed3c10:   000056422b1f9108 0000000000000000
0x00007ffe92ed3c20:   000056422d315940 0000000000000060
0x00007ffe92ed3c30:   0000000100010008 000056422d315ea0
0x00007ffe92ed3c40:   000056422b1f0c00 000000000182be58
0x00007ffe92ed3c50:   000056422b2252f0 00000000000001cf
0x00007ffe92ed3c60:   00000000000001cf 0000000001d3fca5
0x00007ffe92ed3c70:   00007f35bb19ac80 00007f35bb19aac8
0x00007ffe92ed3c80:   000056422d3fe460 000056422d3fe460
0x00007ffe92ed3c90:   000056422d3fe460 000056422d3fe450
0x00007ffe92ed3ca0:   000056422d3fe61f 000056422d3fe650
0x00007ffe92ed3cb0:   00007f35bb1a16a0 0000000000000010
0x00007ffe92ed3cc0:   000056422d3fe450 0000000000000010
0x00007ffe92ed3cd0:   0000000000000200 0061702e7373616c
0x00007ffe92ed3ce0:   00007f35bb19aca8 0000000000000006
0x00007ffe92ed3cf0:   0000000000000000 0000000000001002
0x00007ffe92ed3d00:   00007ffe00000000 0000000000000000
0x00007ffe92ed3d10:   0000000000000000 0000000000000000
0x00007ffe92ed3d20:   0000000000000000 0000000000000000
0x00007ffe92ed3d30:   0000000000000000 0000000000000000
0x00007ffe92ed3d40:   0000000000000000 0000000000000000
0x00007ffe92ed3d50:   0000000000000000 0000000000000000
0x00007ffe92ed3d60:   0000000000000000 0000000000000000
0x00007ffe92ed3d70:   0000000000000000 0000000000000000
0x00007ffe92ed3d80:   0000000000000000 0000000000000000 

Instructions: (pc=0x00007f35b649adb5)
0x00007f35b649ad95:   00 ba 9e 00 00 00 e8 30 79 fe ff 55 48 8d 35 58
0x00007f35b649ada5:   74 00 00 48 89 e5 41 56 41 55 41 54 53 48 89 fb
0x00007f35b649adb5:   48 8b 07 ff 50 30 49 89 c4 48 8b 03 48 89 df 4c
0x00007f35b649adc5:   89 e6 48 8d 0d 43 74 00 00 48 8d 15 51 74 00 00 

Register to memory mapping:

RAX=0x0000000000000000 is an unknown value
RBX=0x0000000000000000 is an unknown value
RCX=0x0000000000000006 is an unknown value
RDX=0x000056422b18d010 is an unknown value
RSP=0x00007ffe92ed3b90 is pointing into the stack for thread: 0x000056422b2c3000
RBP=0x00007ffe92ed3bb0 is pointing into the stack for thread: 0x000056422b2c3000
RSI=0x00007f35b64a2200: <offset 0x29200> in /media/muchi/새 볼륨/3-2/chatbot/node_modules/java/build/Release/nodejavabridge_bindings.node at 0x00007f35b6479000
RDI=0x0000000000000000 is an unknown value
R8 =0x0000000000000010 is an unknown value
R9 =0x000056422b2effa0 is an unknown value
R10=0x0000000000000009 is an unknown value
R11=0x00007f35b649ada0: _Z20getSystemClassLoaderP7JNIEnv_+0 in /media/muchi/새 볼륨/3-2/chatbot/node_modules/java/build/Release/nodejavabridge_bindings.node at 0x00007f35b6479000
R12=0x00007ffe92ed3c70 is pointing into the stack for thread: 0x000056422b2c3000
R13=0x000056422b1f9258 is an unknown value
R14=0x000056422b26c390 is an unknown value
R15=0x00007ffe92ed3c30 is pointing into the stack for thread: 0x000056422b2c3000


Stack: [0x00007ffe92ddb000,0x00007ffe92edb000],  sp=0x00007ffe92ed3b90,  free space=994k
Native frames: (J=compiled Java code, j=interpreted, Vv=VM code, C=native code)
C  [nodejavabridge_bindings.node+0x21db5]  getSystemClassLoader(JNIEnv_*)+0x15
C  [nodejavabridge_bindings.node+0xed06]  Java::createJVM(JavaVM_**, JNIEnv_**)+0x776
C  [nodejavabridge_bindings.node+0xf02d]  Java::ensureJvm()+0x2d
C  [nodejavabridge_bindings.node+0x10c97]  Java::findClassSync(Nan::FunctionCallbackInfo<v8::Value> const&)+0x87
C  [nodejavabridge_bindings.node+0xa7f5]  Nan::imp::FunctionCallbackWrapper(v8::FunctionCallbackInfo<v8::Value> const&)+0x95
C  [node+0x4cfd0f]  v8::internal::FunctionCallbackArguments::Call(void (*)(v8::FunctionCallbackInfo<v8::Value> const&))+0x11f
C  [node+0x538b62]
C  [node+0x5390af]
C  0x000029f5204840bd
C  0x000029f5204a7dea
C  0x000029f5204a7dea
C  0x000029f5204c4013
C  0x000029f52058c5ad
C  0x000029f5204a7dea
C  0x000029f5204a7dea
C  0x000029f52049993f
C  0x000029f5204a7dea
C  0x000029f5204a7dea
C  0x000029f52049993f
C  0x000029f5204a7dea
C  0x000029f5204a7dea
C  0x000029f5204a7dea
C  0x000029f52049993f
C  0x000029f5204a7dea
C  0x000029f5204a7dea
C  0x000029f52049993f
C  0x000029f5204a7dea
C  0x000029f5204a7dea
C  0x000029f5204a7dea
C  0x000029f5204a7dea
C  0x000029f5204a7dea
C  0x000029f52049993f
C  0x000029f5204a7dea
C  0x000029f5204a7dea
C  0x000029f52049993f
C  0x000029f5204a7dea
C  0x000029f5204a7dea
C  0x000029f5204a7dea
C  0x000029f52049993f
C  0x000029f5204a7dea
C  0x000029f52049993f
C  0x000029f5204a7dea
C  0x000029f5204a7dea
C  0x000029f5204a7dea
C  0x000029f5204a7dea
C  0x000029f5204a7dea
C  0x000029f5204a5130
C  0x000029f520585ca1
C  [node+0x7b383e]
C  [node+0x7b3c25]
C  [node+0x4be06e]  v8::Function::Call(v8::Local<v8::Context>, v8::Local<v8::Value>, int, v8::Local<v8::Value>*)+0x17e
C  [node+0x4be221]  v8::Function::Call(v8::Local<v8::Value>, int, v8::Local<v8::Value>*)+0x41
C  [node+0xbbeebc]  node::InternalCallbackScope::Close()+0x13c
C  [node+0xbbf15c]  node::InternalMakeCallback(node::Environment*, v8::Local<v8::Object>, v8::Local<v8::Function>, int, v8::Local<v8::Value>*, node::async_context)+0xcc
C  [node+0xb9c320]  node::AsyncWrap::MakeCallback(v8::Local<v8::Function>, int, v8::Local<v8::Value>*)+0x50
C  [node+0xc13dea]
C  [node+0xc41d10]  node::LibuvStreamWrap::OnRead(uv_stream_s*, long, uv_buf_t const*)+0x90
C  [libuv.so.1+0x155cf]


---------------  P R O C E S S  ---------------

Java Threads: ( => current thread )
  0x00007f3534001000 JavaThread "Thread-0" [_thread_in_native, id=7059, stack(0x00007f35b4abf000,0x00007f35b52bf000)]
  0x000056422d0d1000 JavaThread "Service Thread" daemon [_thread_blocked, id=7079, stack(0x00007f358b3ee000,0x00007f358b4ef000)]
  0x000056422d0c6000 JavaThread "C1 CompilerThread3" daemon [_thread_blocked, id=7078, stack(0x00007f35900fa000,0x00007f35901fa000)]
  0x000056422d0c3800 JavaThread "C2 CompilerThread2" daemon [_thread_blocked, id=7077, stack(0x00007f35901fb000,0x00007f35902fb000)]
  0x000056422d0c2000 JavaThread "C2 CompilerThread1" daemon [_thread_blocked, id=7076, stack(0x00007f35902fc000,0x00007f35903fc000)]
  0x000056422d0bf000 JavaThread "C2 CompilerThread0" daemon [_thread_blocked, id=7075, stack(0x00007f35903fd000,0x00007f35904fd000)]
  0x000056422d0bd800 JavaThread "Signal Dispatcher" daemon [_thread_blocked, id=7074, stack(0x00007f35904fd000,0x00007f35905fe000)]
  0x000056422d08c000 JavaThread "Finalizer" daemon [_thread_blocked, id=7073, stack(0x00007f35905fe000,0x00007f35906ff000)]
  0x000056422b38e000 JavaThread "Reference Handler" daemon [_thread_blocked, id=7072, stack(0x00007f35906ff000,0x00007f3590800000)]
=>0x000056422b2c3000 JavaThread "main" [_thread_in_native, id=7053, stack(0x00007ffe92ddb000,0x00007ffe92edb000)]

Other Threads:
  0x000056422b2a4000 VMThread [stack: 0x00007f35a4099000,0x00007f35a4199000] [id=7071]
  0x000056422d0d3800 WatcherThread [stack: 0x00007f358b2ee000,0x00007f358b3ee000] [id=7080]

VM state:not at safepoint (normal execution)

VM Mutex/Monitor currently owned by a thread: None

heap address: 0x00000006c0000000, size: 4096 MB, Compressed Oops mode: Zero based, Oop shift amount: 3
Narrow klass base: 0x0000000000000000, Narrow klass shift: 3
Compressed class space size: 1073741824 Address: 0x00000007c0000000

Heap:
 PSYoungGen      total 139264K, used 69987K [0x000000076ab00000, 0x000000077bb00000, 0x00000007c0000000)
  eden space 129024K, 52% used [0x000000076ab00000,0x000000076ed5b430,0x0000000772900000)
  from space 10240K, 19% used [0x0000000772900000,0x0000000772afd9f8,0x0000000773300000)
  to   space 10240K, 0% used [0x000000077b100000,0x000000077b100000,0x000000077bb00000)
 ParOldGen       total 396288K, used 176648K [0x00000006c0000000, 0x00000006d8300000, 0x000000076ab00000)
  object space 396288K, 44% used [0x00000006c0000000,0x00000006cac82170,0x00000006d8300000)
 Metaspace       used 6417K, capacity 6620K, committed 6912K, reserved 1056768K
  class space    used 608K, capacity 684K, committed 768K, reserved 1048576K

Card table byte_map: [0x00007f35a57c6000,0x00007f35a5fc7000] byte_map_base: 0x00007f35a21c6000

Marking Bits: (ParMarkBitMap*) 0x00007f35b645c360
 Begin Bits: [0x00007f3558000000, 0x00007f355c000000)
 End Bits:   [0x00007f355c000000, 0x00007f3560000000)

Polling page: 0x00007f35bd156000

CodeCache: size=245760Kb used=3127Kb max_used=3127Kb free=242632Kb
 bounds [0x00007f3591000000, 0x00007f3591320000, 0x00007f35a0000000]
 total_blobs=1038 nmethods=738 adapters=215
 compilation: enabled

Compilation events (10 events):
Event: 2.649 Thread 0x000056422d0c6000  738       3       java.io.FilterInputStream::<init> (10 bytes)
Event: 2.649 Thread 0x000056422d0c6000 nmethod 738 0x00007f359130d710 code [0x00007f359130d880, 0x00007f359130dad0]
Event: 2.653 Thread 0x000056422d0c6000  739       3       sun.reflect.ReflectionFactory::inflationThreshold (4 bytes)
Event: 2.653 Thread 0x000056422d0c6000 nmethod 739 0x00007f359130d410 code [0x00007f359130d560, 0x00007f359130d690]
Event: 2.654 Thread 0x000056422d0c6000  740       3       sun.reflect.NativeMethodAccessorImpl::invoke (104 bytes)
Event: 2.655 Thread 0x000056422d0c6000 nmethod 740 0x00007f359130e5d0 code [0x00007f359130e840, 0x00007f359130fcf8]
Event: 2.655 Thread 0x000056422d0c6000  743       3       sun.reflect.ClassFileAssembler::getLength (11 bytes)
Event: 2.655 Thread 0x000056422d0c6000 nmethod 743 0x00007f359130cbd0 code [0x00007f359130cd40, 0x00007f359130cf50]
Event: 2.655 Thread 0x000056422d0c6000  742       3       sun.reflect.ClassFileAssembler::emitConstantPoolClass (23 bytes)
Event: 2.655 Thread 0x000056422d0c6000 nmethod 742 0x00007f359130c250 code [0x00007f359130c400, 0x00007f359130c888]

GC Heap History (8 events):
Event: 0.577 GC heap before
{Heap before GC invocations=1 (full 0):
 PSYoungGen      total 74752K, used 64512K [0x000000076ab00000, 0x000000076fe00000, 0x00000007c0000000)
  eden space 64512K, 100% used [0x000000076ab00000,0x000000076ea00000,0x000000076ea00000)
  from space 10240K, 0% used [0x000000076f400000,0x000000076f400000,0x000000076fe00000)
  to   space 10240K, 0% used [0x000000076ea00000,0x000000076ea00000,0x000000076f400000)
 ParOldGen       total 171008K, used 0K [0x00000006c0000000, 0x00000006ca700000, 0x000000076ab00000)
  object space 171008K, 0% used [0x00000006c0000000,0x00000006c0000000,0x00000006ca700000)
 Metaspace       used 5717K, capacity 6102K, committed 6272K, reserved 1056768K
  class space    used 547K, capacity 619K, committed 640K, reserved 1048576K
Event: 0.610 GC heap after
Heap after GC invocations=1 (full 0):
 PSYoungGen      total 74752K, used 10224K [0x000000076ab00000, 0x0000000773d00000, 0x00000007c0000000)
  eden space 64512K, 0% used [0x000000076ab00000,0x000000076ab00000,0x000000076ea00000)
  from space 10240K, 99% used [0x000000076ea00000,0x000000076f3fc050,0x000000076f400000)
  to   space 10240K, 0% used [0x0000000773300000,0x0000000773300000,0x0000000773d00000)
 ParOldGen       total 171008K, used 29262K [0x00000006c0000000, 0x00000006ca700000, 0x000000076ab00000)
  object space 171008K, 17% used [0x00000006c0000000,0x00000006c1c93800,0x00000006ca700000)
 Metaspace       used 5717K, capacity 6102K, committed 6272K, reserved 1056768K
  class space    used 547K, capacity 619K, committed 640K, reserved 1048576K
}
Event: 0.823 GC heap before
{Heap before GC invocations=2 (full 0):
 PSYoungGen      total 74752K, used 74095K [0x000000076ab00000, 0x0000000773d00000, 0x00000007c0000000)
  eden space 64512K, 99% used [0x000000076ab00000,0x000000076e95ff40,0x000000076ea00000)
  from space 10240K, 99% used [0x000000076ea00000,0x000000076f3fc050,0x000000076f400000)
  to   space 10240K, 0% used [0x0000000773300000,0x0000000773300000,0x0000000773d00000)
 ParOldGen       total 171008K, used 29262K [0x00000006c0000000, 0x00000006ca700000, 0x000000076ab00000)
  object space 171008K, 17% used [0x00000006c0000000,0x00000006c1c93800,0x00000006ca700000)
 Metaspace       used 5723K, capacity 6102K, committed 6272K, reserved 1056768K
  class space    used 547K, capacity 619K, committed 640K, reserved 1048576K
Event: 0.852 GC heap after
Heap after GC invocations=2 (full 0):
 PSYoungGen      total 139264K, used 10208K [0x000000076ab00000, 0x0000000773d00000, 0x00000007c0000000)
  eden space 129024K, 0% used [0x000000076ab00000,0x000000076ab00000,0x0000000772900000)
  from space 10240K, 99% used [0x0000000773300000,0x0000000773cf8020,0x0000000773d00000)
  to   space 10240K, 0% used [0x0000000772900000,0x0000000772900000,0x0000000773300000)
 ParOldGen       total 171008K, used 76734K [0x00000006c0000000, 0x00000006ca700000, 0x000000076ab00000)
  object space 171008K, 44% used [0x00000006c0000000,0x00000006c4aef810,0x00000006ca700000)
 Metaspace       used 5723K, capacity 6102K, committed 6272K, reserved 1056768K
  class space    used 547K, capacity 619K, committed 640K, reserved 1048576K
}
Event: 1.198 GC heap before
{Heap before GC invocations=3 (full 0):
 PSYoungGen      total 139264K, used 139232K [0x000000076ab00000, 0x0000000773d00000, 0x00000007c0000000)
  eden space 129024K, 100% used [0x000000076ab00000,0x0000000772900000,0x0000000772900000)
  from space 10240K, 99% used [0x0000000773300000,0x0000000773cf8020,0x0000000773d00000)
  to   space 10240K, 0% used [0x0000000772900000,0x0000000772900000,0x0000000773300000)
 ParOldGen       total 171008K, used 76734K [0x00000006c0000000, 0x00000006ca700000, 0x000000076ab00000)
  object space 171008K, 44% used [0x00000006c0000000,0x00000006c4aef810,0x00000006ca700000)
 Metaspace       used 5723K, capacity 6102K, committed 6272K, reserved 1056768K
  class space    used 547K, capacity 619K, committed 640K, reserved 1048576K
Event: 1.252 GC heap after
Heap after GC invocations=3 (full 0):
 PSYoungGen      total 139264K, used 10240K [0x000000076ab00000, 0x000000077bb00000, 0x00000007c0000000)
  eden space 129024K, 0% used [0x000000076ab00000,0x000000076ab00000,0x0000000772900000)
  from space 10240K, 100% used [0x0000000772900000,0x0000000773300000,0x0000000773300000)
  to   space 10240K, 0% used [0x000000077b100000,0x000000077b100000,0x000000077bb00000)
 ParOldGen       total 177152K, used 171384K [0x00000006c0000000, 0x00000006cad00000, 0x000000076ab00000)
  object space 177152K, 96% used [0x00000006c0000000,0x00000006ca75e0b0,0x00000006cad00000)
 Metaspace       used 5723K, capacity 6102K, committed 6272K, reserved 1056768K
  class space    used 547K, capacity 619K, committed 640K, reserved 1048576K
}
Event: 1.252 GC heap before
{Heap before GC invocations=4 (full 1):
 PSYoungGen      total 139264K, used 10240K [0x000000076ab00000, 0x000000077bb00000, 0x00000007c0000000)
  eden space 129024K, 0% used [0x000000076ab00000,0x000000076ab00000,0x0000000772900000)
  from space 10240K, 100% used [0x0000000772900000,0x0000000773300000,0x0000000773300000)
  to   space 10240K, 0% used [0x000000077b100000,0x000000077b100000,0x000000077bb00000)
 ParOldGen       total 177152K, used 171384K [0x00000006c0000000, 0x00000006cad00000, 0x000000076ab00000)
  object space 177152K, 96% used [0x00000006c0000000,0x00000006ca75e0b0,0x00000006cad00000)
 Metaspace       used 5723K, capacity 6102K, committed 6272K, reserved 1056768K
  class space    used 547K, capacity 619K, committed 640K, reserved 1048576K
Event: 2.029 GC heap after
Heap after GC invocations=4 (full 1):
 PSYoungGen      total 139264K, used 2038K [0x000000076ab00000, 0x000000077bb00000, 0x00000007c0000000)
  eden space 129024K, 0% used [0x000000076ab00000,0x000000076ab00000,0x0000000772900000)
  from space 10240K, 19% used [0x0000000772900000,0x0000000772afd9f8,0x0000000773300000)
  to   space 10240K, 0% used [0x000000077b100000,0x000000077b100000,0x000000077bb00000)
 ParOldGen       total 396288K, used 176648K [0x00000006c0000000, 0x00000006d8300000, 0x000000076ab00000)
  object space 396288K, 44% used [0x00000006c0000000,0x00000006cac82170,0x00000006d8300000)
 Metaspace       used 5723K, capacity 6102K, committed 6272K, reserved 1056768K
  class space    used 547K, capacity 619K, committed 640K, reserved 1048576K
}

Deoptimization events (10 events):
Event: 2.064 Thread 0x00007f3534001000 Uncommon trap: reason=array_check action=maybe_recompile pc=0x00007f35912974b0 method=java.util.Arrays.fill([Ljava/lang/Object;IILjava/lang/Object;)V @ 20
Event: 2.064 Thread 0x00007f3534001000 Uncommon trap: reason=array_check action=maybe_recompile pc=0x00007f35912974b0 method=java.util.Arrays.fill([Ljava/lang/Object;IILjava/lang/Object;)V @ 20
Event: 2.064 Thread 0x00007f3534001000 Uncommon trap: reason=array_check action=maybe_recompile pc=0x00007f35912974b0 method=java.util.Arrays.fill([Ljava/lang/Object;IILjava/lang/Object;)V @ 20
Event: 2.590 Thread 0x00007f3534001000 Uncommon trap: reason=unstable_if action=reinterpret pc=0x00007f35912dfb38 method=java.util.LinkedList.unlinkFirst(Ljava/util/LinkedList$Node;)Ljava/lang/Object; @ 26
Event: 2.590 Thread 0x00007f3534001000 Uncommon trap: reason=unstable_if action=reinterpret pc=0x00007f35912d6988 method=java.util.LinkedList.linkLast(Ljava/lang/Object;)V @ 22
Event: 2.590 Thread 0x00007f3534001000 Uncommon trap: reason=unstable_if action=reinterpret pc=0x00007f35912db8c8 method=java.util.LinkedList.unlinkFirst(Ljava/util/LinkedList$Node;)Ljava/lang/Object; @ 26
Event: 2.590 Thread 0x00007f3534001000 Uncommon trap: reason=unstable_if action=reinterpret pc=0x00007f35912d7934 method=java.util.LinkedList.unlinkFirst(Ljava/util/LinkedList$Node;)Ljava/lang/Object; @ 26
Event: 2.590 Thread 0x00007f3534001000 Uncommon trap: reason=unstable_if action=reinterpret pc=0x00007f35912d6d4c method=java.util.AbstractCollection.isEmpty()Z @ 4
Event: 2.590 Thread 0x00007f3534001000 Uncommon trap: reason=unstable_if action=reinterpret pc=0x00007f3591259370 method=java.io.ObjectInputStream$PeekInputStream.read()I @ 4
Event: 2.591 Thread 0x00007f3534001000 Uncommon trap: reason=unstable_if action=reinterpret pc=0x00007f35912dcb48 method=kr.co.shineware.ds.aho_corasick.AhoCorasickDictionary.linkFailNode(Lkr/co/shineware/ds/aho_corasick/model/AhoCorasickNode;)V @ 5

Classes redefined (0 events):
No events

Internal exceptions (10 events):
Event: 0.180 Thread 0x00007f3534001000 Exception <a 'java/security/PrivilegedActionException'> (0x000000076b2d83a0) thrown at [/build/openjdk-8-OqY7zN/openjdk-8-8u222-b10/src/hotspot/src/share/vm/prims/jvm.cpp, line 1502]
Event: 0.180 Thread 0x00007f3534001000 Exception <a 'java/security/PrivilegedActionException'> (0x000000076b2d8798) thrown at [/build/openjdk-8-OqY7zN/openjdk-8-8u222-b10/src/hotspot/src/share/vm/prims/jvm.cpp, line 1502]
Event: 0.180 Thread 0x00007f3534001000 Exception <a 'java/security/PrivilegedActionException'> (0x000000076b2d9458) thrown at [/build/openjdk-8-OqY7zN/openjdk-8-8u222-b10/src/hotspot/src/share/vm/prims/jvm.cpp, line 1502]
Event: 0.180 Thread 0x00007f3534001000 Exception <a 'java/security/PrivilegedActionException'> (0x000000076b2d9850) thrown at [/build/openjdk-8-OqY7zN/openjdk-8-8u222-b10/src/hotspot/src/share/vm/prims/jvm.cpp, line 1502]
Event: 0.221 Thread 0x00007f3534001000 Exception <a 'java/lang/NoSuchFieldError': method resolution failed> (0x000000076b438ad0) thrown at [/build/openjdk-8-OqY7zN/openjdk-8-8u222-b10/src/hotspot/src/share/vm/prims/methodHandles.cpp, line 1167]
Event: 0.222 Thread 0x00007f3534001000 Exception <a 'java/lang/NoSuchFieldError': method resolution failed> (0x000000076b446240) thrown at [/build/openjdk-8-OqY7zN/openjdk-8-8u222-b10/src/hotspot/src/share/vm/prims/methodHandles.cpp, line 1167]
Event: 0.354 Thread 0x00007f3534001000 Implicit null exception at 0x00007f3591247bb7 to 0x00007f3591248b21
Event: 2.590 Thread 0x00007f3534001000 Implicit null exception at 0x00007f35912df576 to 0x00007f35912dfb1d
Event: 2.590 Thread 0x00007f3534001000 Implicit null exception at 0x00007f35912db87d to 0x00007f35912db8b5
Event: 2.590 Thread 0x00007f3534001000 Implicit null exception at 0x00007f35912d78f4 to 0x00007f35912d7921

Events (10 events):
Event: 2.640 loading class kr/bydelta/koala/data/Tree
Event: 2.640 loading class kr/bydelta/koala/data/Tree done
Event: 2.644 loading class kr/bydelta/koala/data/DepEdge
Event: 2.644 loading class kr/bydelta/koala/data/DepEdge done
Event: 2.645 loading class kr/bydelta/koala/data/DAGEdge
Event: 2.645 loading class kr/bydelta/koala/data/DAGEdge done
Event: 2.648 loading class kr/bydelta/koala/data/AlreadySetIDException
Event: 2.648 loading class kr/bydelta/koala/data/AlreadySetIDException done
Event: 4.052 Executing VM operation: EnableBiasedLocking
Event: 4.052 Executing VM operation: EnableBiasedLocking done


Dynamic libraries:
6c0000000-6d8300000 rw-p 00000000 00:00 0 
6d8300000-76ab00000 ---p 00000000 00:00 0 
76ab00000-77bb00000 rw-p 00000000 00:00 0 
77bb00000-7c0000000 ---p 00000000 00:00 0 
7c0000000-7c00c0000 rw-p 00000000 00:00 0 
7c00c0000-800000000 ---p 00000000 00:00 0 
d352680000-d352700000 rw-p 00000000 00:00 0 
1b37db80000-1b37dc00000 rw-p 00000000 00:00 0 
294d6d80000-294d6e00000 rw-p 00000000 00:00 0 
2f9f4780000-2f9f4800000 rw-p 00000000 00:00 0 
303dbb80000-303dbc00000 rw-p 00000000 00:00 0 
34c61900000-34c61980000 rw-p 00000000 00:00 0 
4a1a8d80000-4a1a8e00000 rw-p 00000000 00:00 0 
4d478980000-4d478a00000 rw-p 00000000 00:00 0 
55257200000-55257280000 rw-p 00000000 00:00 0 
5770bf00000-5770bf80000 rw-p 00000000 00:00 0 
644fe800000-644fe880000 rw-p 00000000 00:00 0 
6a359480000-6a359500000 rw-p 00000000 00:00 0 
71658e00000-71658e80000 rw-p 00000000 00:00 0 
77c9af00000-77c9af80000 rw-p 00000000 00:00 0 
7b633700000-7b633780000 rw-p 00000000 00:00 0 
7bc15a00000-7bc15a80000 rw-p 00000000 00:00 0 
847eae80000-847eaf00000 rw-p 00000000 00:00 0 
878aa180000-878aa200000 rw-p 00000000 00:00 0 
9a1edc80000-9a1edd00000 rw-p 00000000 00:00 0 
a997f280000-a997f300000 rw-p 00000000 00:00 0 
ab672700000-ab672780000 rw-p 00000000 00:00 0 
b9a44000000-b9a44080000 rw-p 00000000 00:00 0 
bb5da780000-bb5da800000 rw-p 00000000 00:00 0 
bbc94500000-bbc94580000 rw-p 00000000 00:00 0 
bc539280000-bc539300000 rw-p 00000000 00:00 0 
befecf80000-befed000000 rw-p 00000000 00:00 0 
ced4ac80000-ced4ad00000 rw-p 00000000 00:00 0 
da583600000-da583680000 rw-p 00000000 00:00 0 
dfe59300000-dfe59380000 rw-p 00000000 00:00 0 
f6a24900000-f6a24980000 rw-p 00000000 00:00 0 
f6ab2c80000-f6ab2d00000 rw-p 00000000 00:00 0 
f9771000000-f9771080000 rw-p 00000000 00:00 0 
fe93b100000-fe93b180000 rw-p 00000000 00:00 0 
10b240a00000-10b240a80000 rw-p 00000000 00:00 0 
1126fa300000-1126fa380000 rw-p 00000000 00:00 0 
116dd8700000-116dd8780000 rw-p 00000000 00:00 0 
11a18cb00000-11a18cb80000 rw-p 00000000 00:00 0 
11bcdd700000-11bcdd780000 rw-p 00000000 00:00 0 
11bfd0c80000-11bfd0d00000 rw-p 00000000 00:00 0 
136f7c400000-136f7c480000 rw-p 00000000 00:00 0 
13b9f2180000-13b9f2200000 rw-p 00000000 00:00 0 
13ca38400000-13ca38480000 rw-p 00000000 00:00 0 
1444aec00000-1444aec80000 rw-p 00000000 00:00 0 
14df6e180000-14df6e200000 rw-p 00000000 00:00 0 
150d5c000000-150d5c080000 rw-p 00000000 00:00 0 
151a6e780000-151a6e800000 rw-p 00000000 00:00 0 
163c70b80000-163c70c00000 rw-p 00000000 00:00 0 
16b29c400000-16b29c480000 rw-p 00000000 00:00 0 
173f4ba00000-173f4ba80000 rw-p 00000000 00:00 0 
1756c7400000-1756c7480000 rw-p 00000000 00:00 0 
177473380000-177473400000 rw-p 00000000 00:00 0 
17ad4a480000-17ad4a500000 rw-p 00000000 00:00 0 
18a0f9000000-18a0f9080000 rw-p 00000000 00:00 0 
191f45d80000-191f45e44000 rw-p 00000000 00:00 0 
19da31680000-19da31700000 rw-p 00000000 00:00 0 
19ed93130000-19ed93138000 rw-p 00000000 00:00 0 
19ed93138000-19ed9313c000 ---p 00000000 00:00 0 
1a8333100000-1a8333180000 rw-p 00000000 00:00 0 
1a8ed0e00000-1a8ed0e80000 rw-p 00000000 00:00 0 
1ad65ea00000-1ad65ea80000 rw-p 00000000 00:00 0 
1ad6a1280000-1ad6a1300000 rw-p 00000000 00:00 0 
1b52b8d00000-1b52b8d83000 rw-p 00000000 00:00 0 
1cd89a400000-1cd89a480000 rw-p 00000000 00:00 0 
1d378f100000-1d378f180000 rw-p 00000000 00:00 0 
1dfd77c00000-1dfd77c80000 rw-p 00000000 00:00 0 
1e8d85f00000-1e8d85f80000 rw-p 00000000 00:00 0 
1ebc92500000-1ebc92580000 rw-p 00000000 00:00 0 
1ec241a00000-1ec241a80000 rw-p 00000000 00:00 0 
200945400000-200945480000 rw-p 00000000 00:00 0 
20852af00000-20852af80000 rw-p 00000000 00:00 0 
20b8f2f00000-20b8f2f80000 rw-p 00000000 00:00 0 
20ea5a300000-20ea5a380000 rw-p 00000000 00:00 0 
215c45480000-215c45500000 rw-p 00000000 00:00 0 
21bf65680000-21bf65700000 rw-p 00000000 00:00 0 
2365fed80000-2365fee00000 rw-p 00000000 00:00 0 
23f32f780000-23f32f800000 rw-p 00000000 00:00 0 
248756080000-248756100000 rw-p 00000000 00:00 0 
250e9bc00000-250e9bc80000 rw-p 00000000 00:00 0 
252071900000-252071980000 rw-p 00000000 00:00 0 
2534ef980000-2534efa00000 rw-p 00000000 00:00 0 
274652b80000-274652c00000 rw-p 00000000 00:00 0 
2788ae780000-2788ae88a000 rw-p 00000000 00:00 0 
287b5f780000-287b5f800000 rw-p 00000000 00:00 0 
288504880000-288504900000 rw-p 00000000 00:00 0 
29f52028c000-29f520300000 ---p 00000000 00:00 0 
29f520300000-29f520303000 rw-p 00000000 00:00 0 
29f520303000-29f520304000 ---p 00000000 00:00 0 
29f520304000-29f52032d000 rwxp 00000000 00:00 0 
29f52032d000-29f520380000 ---p 00000000 00:00 0 
29f520380000-29f520383000 rw-p 00000000 00:00 0 
29f520383000-29f520384000 ---p 00000000 00:00 0 
29f520384000-29f5203ad000 rwxp 00000000 00:00 0 
29f5203ad000-29f520400000 ---p 00000000 00:00 0 
29f520400000-29f520403000 rw-p 00000000 00:00 0 
29f520403000-29f520404000 ---p 00000000 00:00 0 
29f520404000-29f52042d000 rwxp 00000000 00:00 0 
29f52042d000-29f520480000 ---p 00000000 00:00 0 
29f520480000-29f520483000 rw-p 00000000 00:00 0 
29f520483000-29f520484000 ---p 00000000 00:00 0 
29f520484000-29f5204ff000 rwxp 00000000 00:00 0 
29f5204ff000-29f520500000 ---p 00000000 00:00 0 
29f520500000-29f520503000 rw-p 00000000 00:00 0 
29f520503000-29f520504000 ---p 00000000 00:00 0 
29f520504000-29f52057f000 rwxp 00000000 00:00 0 
29f52057f000-29f520580000 ---p 00000000 00:00 0 
29f520580000-29f520583000 rw-p 00000000 00:00 0 
29f520583000-29f520584000 ---p 00000000 00:00 0 
29f520584000-29f5205ff000 rwxp 00000000 00:00 0 
29f5205ff000-29f520600000 ---p 00000000 00:00 0 
29f520600000-29f520603000 rw-p 00000000 00:00 0 
29f520603000-29f520604000 ---p 00000000 00:00 0 
29f520604000-29f52067f000 rwxp 00000000 00:00 0 
29f52067f000-29f54028c000 ---p 00000000 00:00 0 
2a38bd780000-2a38bd800000 rw-p 00000000 00:00 0 
2b2a55a00000-2b2a55a80000 rw-p 00000000 00:00 0 
2b6141f80000-2b6142000000 rw-p 00000000 00:00 0 
2b987e580000-2b987e600000 rw-p 00000000 00:00 0 
2c7234f80000-2c7235000000 rw-p 00000000 00:00 0 
2d21e9300000-2d21e9380000 rw-p 00000000 00:00 0 
2d7cb6e80000-2d7cb6f00000 rw-p 00000000 00:00 0 
2d7dcf680000-2d7dcf700000 rw-p 00000000 00:00 0 
2e398c080000-2e398c100000 rw-p 00000000 00:00 0 
2e4ad0b80000-2e4ad0c00000 rw-p 00000000 00:00 0 
2e5d8a880000-2e5d8a900000 rw-p 00000000 00:00 0 
306a0e380000-306a0e400000 rw-p 00000000 00:00 0 
30a07cd80000-30a07ce00000 rw-p 00000000 00:00 0 
310741e00000-310741e80000 rw-p 00000000 00:00 0 
3111ddd80000-3111dde00000 rw-p 00000000 00:00 0 
313b20e80000-313b20f00000 rw-p 00000000 00:00 0 
316f67a80000-316f67b00000 rw-p 00000000 00:00 0 
31c16c000000-31c16c080000 rw-p 00000000 00:00 0 
3272ae600000-3272ae680000 rw-p 00000000 00:00 0 
3297e1300000-3297e1380000 rw-p 00000000 00:00 0 
33129a780000-33129a800000 rw-p 00000000 00:00 0 
3418c8b00000-3418c8b80000 rw-p 00000000 00:00 0 
34429a480000-34429a500000 rw-p 00000000 00:00 0 
34ccb6d80000-34ccb6e00000 rw-p 00000000 00:00 0 
353a30c00000-353a30c80000 rw-p 00000000 00:00 0 
3630a1480000-3630a1500000 rw-p 00000000 00:00 0 
37169b200000-37169b280000 rw-p 00000000 00:00 0 
375f80580000-375f80600000 rw-p 00000000 00:00 0 
397d35e00000-397d35e80000 rw-p 00000000 00:00 0 
39905c200000-39905c280000 rw-p 00000000 00:00 0 
39e549d00000-39e549d80000 rw-p 00000000 00:00 0 
3a6b62880000-3a6b62900000 rw-p 00000000 00:00 0 
3a8131500000-3a8131580000 rw-p 00000000 00:00 0 
3aa651700000-3aa651780000 rw-p 00000000 00:00 0 
3bed18080000-3bed18100000 rw-p 00000000 00:00 0 
3cd178380000-3cd178400000 rw-p 00000000 00:00 0 
3d5febc00000-3d5febc80000 rw-p 00000000 00:00 0 
3d9e4d180000-3d9e4d200000 rw-p 00000000 00:00 0 
3df40ae00000-3df40af0a000 rw-p 00000000 00:00 0 
3e0f52280000-3e0f52300000 rw-p 00000000 00:00 0 
3f7e37b80000-3f7e37c00000 rw-p 00000000 00:00 0 
564228536000-564229669000 r-xp 00000000 08:05 3389                       /usr/bin/node
564229869000-5642298b3000 r--p 01133000 08:05 3389                       /usr/bin/node
5642298b3000-5642298bb000 rw-p 0117d000 08:05 3389                       /usr/bin/node
5642298bb000-5642298cb000 rw-p 00000000 00:00 0 
56422b18d000-56422d854000 rw-p 00000000 00:00 0                          [heap]
7f3530000000-7f3530021000 rw-p 00000000 00:00 0 
7f3530021000-7f3534000000 ---p 00000000 00:00 0 
7f3534000000-7f35340fe000 rw-p 00000000 00:00 0 
7f35340fe000-7f3538000000 ---p 00000000 00:00 0 
7f3538000000-7f3538413000 rw-p 00000000 00:00 0 
7f3538413000-7f353c000000 ---p 00000000 00:00 0 
7f353c000000-7f353c021000 rw-p 00000000 00:00 0 
7f353c021000-7f3540000000 ---p 00000000 00:00 0 
7f3540000000-7f35405fd000 rw-p 00000000 00:00 0 
7f35405fd000-7f3544000000 ---p 00000000 00:00 0 
7f3544000000-7f3545231000 rw-p 00000000 00:00 0 
7f3545231000-7f3548000000 ---p 00000000 00:00 0 
7f3548000000-7f3548021000 rw-p 00000000 00:00 0 
7f3548021000-7f354c000000 ---p 00000000 00:00 0 
7f354c000000-7f354c835000 rw-p 00000000 00:00 0 
7f354c835000-7f3550000000 ---p 00000000 00:00 0 
7f3550000000-7f3550021000 rw-p 00000000 00:00 0 
7f3550021000-7f3554000000 ---p 00000000 00:00 0 
7f3554000000-7f3554021000 rw-p 00000000 00:00 0 
7f3554021000-7f3558000000 ---p 00000000 00:00 0 
7f3558000000-7f3560000000 rw-p 00000000 00:00 0 
7f3560000000-7f3560021000 rw-p 00000000 00:00 0 
7f3560021000-7f3564000000 ---p 00000000 00:00 0 
7f3564000000-7f3564021000 rw-p 00000000 00:00 0 
7f3564021000-7f3568000000 ---p 00000000 00:00 0 
7f3568000000-7f3568021000 rw-p 00000000 00:00 0 
7f3568021000-7f356c000000 ---p 00000000 00:00 0 
7f3570000000-7f3570021000 rw-p 00000000 00:00 0 
7f3570021000-7f3574000000 ---p 00000000 00:00 0 
7f3578000000-7f3578021000 rw-p 00000000 00:00 0 
7f3578021000-7f357c000000 ---p 00000000 00:00 0 
7f357c000000-7f357c021000 rw-p 00000000 00:00 0 
7f357c021000-7f3580000000 ---p 00000000 00:00 0 
7f3580000000-7f3580021000 rw-p 00000000 00:00 0 
7f3580021000-7f3584000000 ---p 00000000 00:00 0 
7f3584000000-7f3584021000 rw-p 00000000 00:00 0 
7f3584021000-7f3588000000 ---p 00000000 00:00 0 
7f358b2ed000-7f358b2ee000 ---p 00000000 00:00 0 
7f358b2ee000-7f358b3ee000 rw-p 00000000 00:00 0 
7f358b3ee000-7f358b3f1000 ---p 00000000 00:00 0 
7f358b3f1000-7f358b4ef000 rw-p 00000000 00:00 0 
7f358b4ef000-7f358c000000 r--p 00000000 08:05 6812                       /usr/lib/locale/locale-archive
7f358c000000-7f358c021000 rw-p 00000000 00:00 0 
7f358c021000-7f3590000000 ---p 00000000 00:00 0 
7f35900f9000-7f35900fa000 ---p 00000000 00:00 0 
7f35900fa000-7f35900fd000 ---p 00000000 00:00 0 
7f35900fd000-7f35901fa000 rw-p 00000000 00:00 0 
7f35901fa000-7f35901fb000 ---p 00000000 00:00 0 
7f35901fb000-7f35901fe000 ---p 00000000 00:00 0 
7f35901fe000-7f35902fb000 rw-p 00000000 00:00 0 
7f35902fb000-7f35902fc000 ---p 00000000 00:00 0 
7f35902fc000-7f35902ff000 ---p 00000000 00:00 0 
7f35902ff000-7f35903fc000 rw-p 00000000 00:00 0 
7f35903fc000-7f35903fd000 ---p 00000000 00:00 0 
7f35903fd000-7f3590400000 ---p 00000000 00:00 0 
7f3590400000-7f35904fd000 rw-p 00000000 00:00 0 
7f35904fd000-7f3590500000 ---p 00000000 00:00 0 
7f3590500000-7f35905fe000 rw-p 00000000 00:00 0 
7f35905fe000-7f3590601000 ---p 00000000 00:00 0 
7f3590601000-7f35906ff000 rw-p 00000000 00:00 0 
7f35906ff000-7f3590702000 ---p 00000000 00:00 0 
7f3590702000-7f3590e00000 rw-p 00000000 00:00 0 
7f3590e00000-7f3591000000 ---p 00000000 00:00 0 
7f3591000000-7f3591320000 rwxp 00000000 00:00 0 
7f3591320000-7f35a0000000 ---p 00000000 00:00 0 
7f35a0000000-7f35a029d000 rw-p 00000000 00:00 0 
7f35a029d000-7f35a4000000 ---p 00000000 00:00 0 
7f35a4098000-7f35a4099000 ---p 00000000 00:00 0 
7f35a4099000-7f35a4199000 rw-p 00000000 00:00 0 
7f35a4199000-7f35a4369000 r--s 03c5c000 08:05 405203                     /usr/lib/jvm/java-8-openjdk-amd64/jre/lib/rt.jar
7f35a4369000-7f35a4b69000 rw-p 00000000 00:00 0 
7f35a4b69000-7f35a4b6a000 ---p 00000000 00:00 0 
7f35a4b6a000-7f35a4c6a000 rw-p 00000000 00:00 0 
7f35a4c6a000-7f35a4c6b000 ---p 00000000 00:00 0 
7f35a4c6b000-7f35a4d6b000 rw-p 00000000 00:00 0 
7f35a4d6b000-7f35a4d6c000 ---p 00000000 00:00 0 
7f35a4d6c000-7f35a4e6c000 rw-p 00000000 00:00 0 
7f35a4e6c000-7f35a4e6d000 ---p 00000000 00:00 0 
7f35a4e6d000-7f35a4f6d000 rw-p 00000000 00:00 0 
7f35a4f6d000-7f35a4f6e000 ---p 00000000 00:00 0 
7f35a4f6e000-7f35a506e000 rw-p 00000000 00:00 0 
7f35a506e000-7f35a506f000 ---p 00000000 00:00 0 
7f35a506f000-7f35a516f000 rw-p 00000000 00:00 0 
7f35a516f000-7f35a5170000 ---p 00000000 00:00 0 
7f35a5170000-7f35a5332000 rw-p 00000000 00:00 0 
7f35a5332000-7f35a57c6000 ---p 00000000 00:00 0 
7f35a57c6000-7f35a5888000 rw-p 00000000 00:00 0 
7f35a5888000-7f35a5d1b000 ---p 00000000 00:00 0 
7f35a5d1b000-7f35a5da4000 rw-p 00000000 00:00 0 
7f35a5da4000-7f35a5fc6000 ---p 00000000 00:00 0 
7f35a5fc6000-7f35a5fd4000 rw-p 00000000 00:00 0 
7f35a5fd4000-7f35a6387000 ---p 00000000 00:00 0 
7f35a6387000-7f35a638f000 r-xp 00000000 08:05 405101                     /usr/lib/jvm/java-8-openjdk-amd64/jre/lib/amd64/libzip.so
7f35a638f000-7f35a658e000 ---p 00008000 08:05 405101                     /usr/lib/jvm/java-8-openjdk-amd64/jre/lib/amd64/libzip.so
7f35a658e000-7f35a658f000 r--p 00007000 08:05 405101                     /usr/lib/jvm/java-8-openjdk-amd64/jre/lib/amd64/libzip.so
7f35a658f000-7f35a6590000 rw-p 00008000 08:05 405101                     /usr/lib/jvm/java-8-openjdk-amd64/jre/lib/amd64/libzip.so
7f35a6590000-7f35a659b000 r-xp 00000000 08:05 143375                     /lib/x86_64-linux-gnu/libnss_files-2.27.so
7f35a659b000-7f35a679a000 ---p 0000b000 08:05 143375                     /lib/x86_64-linux-gnu/libnss_files-2.27.so
7f35a679a000-7f35a679b000 r--p 0000a000 08:05 143375                     /lib/x86_64-linux-gnu/libnss_files-2.27.so
7f35a679b000-7f35a679c000 rw-p 0000b000 08:05 143375                     /lib/x86_64-linux-gnu/libnss_files-2.27.so
7f35a679c000-7f35a67a2000 rw-p 00000000 00:00 0 
7f35a67a2000-7f35a67b9000 r-xp 00000000 08:05 143369                     /lib/x86_64-linux-gnu/libnsl-2.27.so
7f35a67b9000-7f35a69b8000 ---p 00017000 08:05 143369                     /lib/x86_64-linux-gnu/libnsl-2.27.so
7f35a69b8000-7f35a69b9000 r--p 00016000 08:05 143369                     /lib/x86_64-linux-gnu/libnsl-2.27.so
7f35a69b9000-7f35a69ba000 rw-p 00017000 08:05 143369                     /lib/x86_64-linux-gnu/libnsl-2.27.so
7f35a69ba000-7f35a69bc000 rw-p 00000000 00:00 0 
7f35a69bc000-7f35a69c7000 r-xp 00000000 08:05 143385                     /lib/x86_64-linux-gnu/libnss_nis-2.27.so
7f35a69c7000-7f35a6bc6000 ---p 0000b000 08:05 143385                     /lib/x86_64-linux-gnu/libnss_nis-2.27.so
7f35a6bc6000-7f35a6bc7000 r--p 0000a000 08:05 143385                     /lib/x86_64-linux-gnu/libnss_nis-2.27.so
7f35a6bc7000-7f35a6bc8000 rw-p 0000b000 08:05 143385                     /lib/x86_64-linux-gnu/libnss_nis-2.27.so
7f35a6bc8000-7f35a6bd0000 r-xp 00000000 08:05 143371                     /lib/x86_64-linux-gnu/libnss_compat-2.27.so
7f35a6bd0000-7f35a6dd0000 ---p 00008000 08:05 143371                     /lib/x86_64-linux-gnu/libnss_compat-2.27.so
7f35a6dd0000-7f35a6dd1000 r--p 00008000 08:05 143371                     /lib/x86_64-linux-gnu/libnss_compat-2.27.so
7f35a6dd1000-7f35a6dd2000 rw-p 00009000 08:05 143371                     /lib/x86_64-linux-gnu/libnss_compat-2.27.so
7f35a6dd2000-7f35a6dfc000 r-xp 00000000 08:05 405082                     /usr/lib/jvm/java-8-openjdk-amd64/jre/lib/amd64/libjava.so
7f35a6dfc000-7f35a6ffb000 ---p 0002a000 08:05 405082                     /usr/lib/jvm/java-8-openjdk-amd64/jre/lib/amd64/libjava.so
7f35a6ffb000-7f35a6ffc000 r--p 00029000 08:05 405082                     /usr/lib/jvm/java-8-openjdk-amd64/jre/lib/amd64/libjava.so
7f35a6ffc000-7f35a6ffe000 rw-p 0002a000 08:05 405082                     /usr/lib/jvm/java-8-openjdk-amd64/jre/lib/amd64/libjava.so
7f35a6ffe000-7f35a6fff000 ---p 00000000 00:00 0 
7f35a6fff000-7f35a77ff000 rw-p 00000000 00:00 0 
7f35a77ff000-7f35a7800000 ---p 00000000 00:00 0 
7f35a7800000-7f35a8000000 rw-p 00000000 00:00 0 
7f35a8000000-7f35a8286000 rw-p 00000000 00:00 0 
7f35a8286000-7f35ac000000 ---p 00000000 00:00 0 
7f35ac000000-7f35ac04e000 rw-p 00000000 00:00 0 
7f35ac04e000-7f35b0000000 ---p 00000000 00:00 0 
7f35b0000000-7f35b0138000 rw-p 00000000 00:00 0 
7f35b0138000-7f35b4000000 ---p 00000000 00:00 0 
7f35b4052000-7f35b4074000 r--s 00347000 08:05 1374473                    /home/muchi/.m2/repository/org/scala-lang/scala-reflect/2.12.0/scala-reflect-2.12.0.jar
7f35b4074000-7f35b40ab000 r--s 004fc000 08:05 1374471                    /home/muchi/.m2/repository/org/scala-lang/scala-library/2.12.0/scala-library-2.12.0.jar
7f35b40ab000-7f35b40bb000 r-xp 00000000 08:05 405100                     /usr/lib/jvm/java-8-openjdk-amd64/jre/lib/amd64/libverify.so
7f35b40bb000-7f35b42ba000 ---p 00010000 08:05 405100                     /usr/lib/jvm/java-8-openjdk-amd64/jre/lib/amd64/libverify.so
7f35b42ba000-7f35b42bc000 r--p 0000f000 08:05 405100                     /usr/lib/jvm/java-8-openjdk-amd64/jre/lib/amd64/libverify.so
7f35b42bc000-7f35b42bd000 rw-p 00011000 08:05 405100                     /usr/lib/jvm/java-8-openjdk-amd64/jre/lib/amd64/libverify.so
7f35b42bd000-7f35b42be000 ---p 00000000 00:00 0 
7f35b42be000-7f35b4abe000 rw-p 00000000 00:00 0 
7f35b4abe000-7f35b4abf000 ---p 00000000 00:00 0 
7f35b4abf000-7f35b4ac2000 ---p 00000000 00:00 0 
7f35b4ac2000-7f35b52bf000 rw-p 00000000 00:00 0 
7f35b52bf000-7f35b52eb000 r-xp 00000000 08:06 139278                     /media/muchi/새 볼륨/3-2/node_modules/java/build/Release/nodejavabridge_bindings.node
7f35b52eb000-7f35b54eb000 ---p 0002c000 08:06 139278                     /media/muchi/새 볼륨/3-2/node_modules/java/build/Release/nodejavabridge_bindings.node
7f35b54eb000-7f35b54ec000 r--p 0002c000 08:06 139278                     /media/muchi/새 볼륨/3-2/node_modules/java/build/Release/nodejavabridge_bindings.node
7f35b54ec000-7f35b54ed000 rw-p 0002d000 08:06 139278                     /media/muchi/새 볼륨/3-2/node_modules/java/build/Release/nodejavabridge_bindings.node
7f35b54ed000-7f35b618c000 r-xp 00000000 08:05 405104                     /usr/lib/jvm/java-8-openjdk-amd64/jre/lib/amd64/server/libjvm.so
7f35b618c000-7f35b638c000 ---p 00c9f000 08:05 405104                     /usr/lib/jvm/java-8-openjdk-amd64/jre/lib/amd64/server/libjvm.so
7f35b638c000-7f35b6420000 r--p 00c9f000 08:05 405104                     /usr/lib/jvm/java-8-openjdk-amd64/jre/lib/amd64/server/libjvm.so
7f35b6420000-7f35b6449000 rw-p 00d33000 08:05 405104                     /usr/lib/jvm/java-8-openjdk-amd64/jre/lib/amd64/server/libjvm.so
7f35b6449000-7f35b6479000 rw-p 00000000 00:00 0 
7f35b6479000-7f35b64a5000 r-xp 00000000 08:06 145464                     /media/muchi/새 볼륨/3-2/chatbot/node_modules/java/build/Release/nodejavabridge_bindings.node
7f35b64a5000-7f35b66a5000 ---p 0002c000 08:06 145464                     /media/muchi/새 볼륨/3-2/chatbot/node_modules/java/build/Release/nodejavabridge_bindings.node
7f35b66a5000-7f35b66a6000 r--p 0002c000 08:06 145464                     /media/muchi/새 볼륨/3-2/chatbot/node_modules/java/build/Release/nodejavabridge_bindings.node
7f35b66a6000-7f35b66a7000 rw-p 0002d000 08:06 145464                     /media/muchi/새 볼륨/3-2/chatbot/node_modules/java/build/Release/nodejavabridge_bindings.node
7f35b66a7000-7f35b66a8000 ---p 00000000 00:00 0 
7f35b66a8000-7f35b6ea8000 rw-p 00000000 00:00 0 
7f35b6ea8000-7f35b6ea9000 ---p 00000000 00:00 0 
7f35b6ea9000-7f35b76a9000 rw-p 00000000 00:00 0 
7f35b76a9000-7f35b76aa000 ---p 00000000 00:00 0 
7f35b76aa000-7f35b7eaa000 rw-p 00000000 00:00 0 
7f35b7eaa000-7f35b7eab000 ---p 00000000 00:00 0 
7f35b7eab000-7f35b86ab000 rw-p 00000000 00:00 0 
7f35b86ab000-7f35ba053000 r-xp 00000000 08:05 8522                       /usr/lib/x86_64-linux-gnu/libicudata.so.60.2
7f35ba053000-7f35ba252000 ---p 019a8000 08:05 8522                       /usr/lib/x86_64-linux-gnu/libicudata.so.60.2
7f35ba252000-7f35ba253000 r--p 019a7000 08:05 8522                       /usr/lib/x86_64-linux-gnu/libicudata.so.60.2
7f35ba253000-7f35ba254000 rw-p 019a8000 08:05 8522                       /usr/lib/x86_64-linux-gnu/libicudata.so.60.2
7f35ba254000-7f35ba43b000 r-xp 00000000 08:05 143291                     /lib/x86_64-linux-gnu/libc-2.27.so
7f35ba43b000-7f35ba63b000 ---p 001e7000 08:05 143291                     /lib/x86_64-linux-gnu/libc-2.27.so
7f35ba63b000-7f35ba63f000 r--p 001e7000 08:05 143291                     /lib/x86_64-linux-gnu/libc-2.27.so
7f35ba63f000-7f35ba641000 rw-p 001eb000 08:05 143291                     /lib/x86_64-linux-gnu/libc-2.27.so
7f35ba641000-7f35ba645000 rw-p 00000000 00:00 0 
7f35ba645000-7f35ba65f000 r-xp 00000000 08:05 143412                     /lib/x86_64-linux-gnu/libpthread-2.27.so
7f35ba65f000-7f35ba85e000 ---p 0001a000 08:05 143412                     /lib/x86_64-linux-gnu/libpthread-2.27.so
7f35ba85e000-7f35ba85f000 r--p 00019000 08:05 143412                     /lib/x86_64-linux-gnu/libpthread-2.27.so
7f35ba85f000-7f35ba860000 rw-p 0001a000 08:05 143412                     /lib/x86_64-linux-gnu/libpthread-2.27.so
7f35ba860000-7f35ba864000 rw-p 00000000 00:00 0 
7f35ba864000-7f35ba87b000 r-xp 00000000 08:05 139991                     /lib/x86_64-linux-gnu/libgcc_s.so.1
7f35ba87b000-7f35baa7a000 ---p 00017000 08:05 139991                     /lib/x86_64-linux-gnu/libgcc_s.so.1
7f35baa7a000-7f35baa7b000 r--p 00016000 08:05 139991                     /lib/x86_64-linux-gnu/libgcc_s.so.1
7f35baa7b000-7f35baa7c000 rw-p 00017000 08:05 139991                     /lib/x86_64-linux-gnu/libgcc_s.so.1
7f35baa7c000-7f35bac19000 r-xp 00000000 08:05 143348                     /lib/x86_64-linux-gnu/libm-2.27.so
7f35bac19000-7f35bae18000 ---p 0019d000 08:05 143348                     /lib/x86_64-linux-gnu/libm-2.27.so
7f35bae18000-7f35bae19000 r--p 0019c000 08:05 143348                     /lib/x86_64-linux-gnu/libm-2.27.so
7f35bae19000-7f35bae1a000 rw-p 0019d000 08:05 143348                     /lib/x86_64-linux-gnu/libm-2.27.so
7f35bae1a000-7f35baf93000 r-xp 00000000 08:05 2966                       /usr/lib/x86_64-linux-gnu/libstdc++.so.6.0.25
7f35baf93000-7f35bb193000 ---p 00179000 08:05 2966                       /usr/lib/x86_64-linux-gnu/libstdc++.so.6.0.25
7f35bb193000-7f35bb19d000 r--p 00179000 08:05 2966                       /usr/lib/x86_64-linux-gnu/libstdc++.so.6.0.25
7f35bb19d000-7f35bb19f000 rw-p 00183000 08:05 2966                       /usr/lib/x86_64-linux-gnu/libstdc++.so.6.0.25
7f35bb19f000-7f35bb1a3000 rw-p 00000000 00:00 0 
7f35bb1a3000-7f35bb1aa000 r-xp 00000000 08:05 143420                     /lib/x86_64-linux-gnu/librt-2.27.so
7f35bb1aa000-7f35bb3a9000 ---p 00007000 08:05 143420                     /lib/x86_64-linux-gnu/librt-2.27.so
7f35bb3a9000-7f35bb3aa000 r--p 00006000 08:05 143420                     /lib/x86_64-linux-gnu/librt-2.27.so
7f35bb3aa000-7f35bb3ab000 rw-p 00007000 08:05 143420                     /lib/x86_64-linux-gnu/librt-2.27.so
7f35bb3ab000-7f35bb3ae000 r-xp 00000000 08:05 143313                     /lib/x86_64-linux-gnu/libdl-2.27.so
7f35bb3ae000-7f35bb5ad000 ---p 00003000 08:05 143313                     /lib/x86_64-linux-gnu/libdl-2.27.so
7f35bb5ad000-7f35bb5ae000 r--p 00002000 08:05 143313                     /lib/x86_64-linux-gnu/libdl-2.27.so
7f35bb5ae000-7f35bb5af000 rw-p 00003000 08:05 143313                     /lib/x86_64-linux-gnu/libdl-2.27.so
7f35bb5af000-7f35bb752000 r-xp 00000000 08:05 8532                       /usr/lib/x86_64-linux-gnu/libicuuc.so.60.2
7f35bb752000-7f35bb951000 ---p 001a3000 08:05 8532                       /usr/lib/x86_64-linux-gnu/libicuuc.so.60.2
7f35bb951000-7f35bb964000 r--p 001a2000 08:05 8532                       /usr/lib/x86_64-linux-gnu/libicuuc.so.60.2
7f35bb964000-7f35bb965000 rw-p 001b5000 08:05 8532                       /usr/lib/x86_64-linux-gnu/libicuuc.so.60.2
7f35bb965000-7f35bb966000 rw-p 00000000 00:00 0 
7f35bb966000-7f35bbbf8000 r-xp 00000000 08:05 8524                       /usr/lib/x86_64-linux-gnu/libicui18n.so.60.2
7f35bbbf8000-7f35bbdf7000 ---p 00292000 08:05 8524                       /usr/lib/x86_64-linux-gnu/libicui18n.so.60.2
7f35bbdf7000-7f35bbe06000 r--p 00291000 08:05 8524                       /usr/lib/x86_64-linux-gnu/libicui18n.so.60.2
7f35bbe06000-7f35bbe07000 rw-p 002a0000 08:05 8524                       /usr/lib/x86_64-linux-gnu/libicui18n.so.60.2
7f35bbe07000-7f35bbe65000 r-xp 00000000 08:05 162                        /usr/lib/x86_64-linux-gnu/libssl.so.1.0.0
7f35bbe65000-7f35bc065000 ---p 0005e000 08:05 162                        /usr/lib/x86_64-linux-gnu/libssl.so.1.0.0
7f35bc065000-7f35bc069000 r--p 0005e000 08:05 162                        /usr/lib/x86_64-linux-gnu/libssl.so.1.0.0
7f35bc069000-7f35bc06f000 rw-p 00062000 08:05 162                        /usr/lib/x86_64-linux-gnu/libssl.so.1.0.0
7f35bc06f000-7f35bc288000 r-xp 00000000 08:05 155                        /usr/lib/x86_64-linux-gnu/libcrypto.so.1.0.0
7f35bc288000-7f35bc487000 ---p 00219000 08:05 155                        /usr/lib/x86_64-linux-gnu/libcrypto.so.1.0.0
7f35bc487000-7f35bc4a3000 r--p 00218000 08:05 155                        /usr/lib/x86_64-linux-gnu/libcrypto.so.1.0.0
7f35bc4a3000-7f35bc4af000 rw-p 00234000 08:05 155                        /usr/lib/x86_64-linux-gnu/libcrypto.so.1.0.0
7f35bc4af000-7f35bc4b2000 rw-p 00000000 00:00 0 
7f35bc4b2000-7f35bc4d5000 r-xp 00000000 08:05 8698                       /usr/lib/x86_64-linux-gnu/libnghttp2.so.14.15.2
7f35bc4d5000-7f35bc6d4000 ---p 00023000 08:05 8698                       /usr/lib/x86_64-linux-gnu/libnghttp2.so.14.15.2
7f35bc6d4000-7f35bc6d5000 r--p 00022000 08:05 8698                       /usr/lib/x86_64-linux-gnu/libnghttp2.so.14.15.2
7f35bc6d5000-7f35bc6d7000 rw-p 00023000 08:05 8698                       /usr/lib/x86_64-linux-gnu/libnghttp2.so.14.15.2
7f35bc6d7000-7f35bc6e8000 r-xp 00000000 08:05 3163                       /usr/lib/x86_64-linux-gnu/libcares.so.2.2.0
7f35bc6e8000-7f35bc8e7000 ---p 00011000 08:05 3163                       /usr/lib/x86_64-linux-gnu/libcares.so.2.2.0
7f35bc8e7000-7f35bc8e8000 r--p 00010000 08:05 3163                       /usr/lib/x86_64-linux-gnu/libcares.so.2.2.0
7f35bc8e8000-7f35bc8e9000 rw-p 00011000 08:05 3163                       /usr/lib/x86_64-linux-gnu/libcares.so.2.2.0
7f35bc8e9000-7f35bc90e000 r-xp 00000000 08:05 2926                       /usr/lib/x86_64-linux-gnu/libuv.so.1.0.0
7f35bc90e000-7f35bcb0d000 ---p 00025000 08:05 2926                       /usr/lib/x86_64-linux-gnu/libuv.so.1.0.0
7f35bcb0d000-7f35bcb0e000 r--p 00024000 08:05 2926                       /usr/lib/x86_64-linux-gnu/libuv.so.1.0.0
7f35bcb0e000-7f35bcb0f000 rw-p 00025000 08:05 2926                       /usr/lib/x86_64-linux-gnu/libuv.so.1.0.0
7f35bcb0f000-7f35bcb16000 r-xp 00000000 08:05 3309                       /usr/lib/x86_64-linux-gnu/libhttp_parser.so.2.7.1
7f35bcb16000-7f35bcd16000 ---p 00007000 08:05 3309                       /usr/lib/x86_64-linux-gnu/libhttp_parser.so.2.7.1
7f35bcd16000-7f35bcd17000 r--p 00007000 08:05 3309                       /usr/lib/x86_64-linux-gnu/libhttp_parser.so.2.7.1
7f35bcd17000-7f35bcd18000 rw-p 00008000 08:05 3309                       /usr/lib/x86_64-linux-gnu/libhttp_parser.so.2.7.1
7f35bcd18000-7f35bcd34000 r-xp 00000000 08:05 143449                     /lib/x86_64-linux-gnu/libz.so.1.2.11
7f35bcd34000-7f35bcf33000 ---p 0001c000 08:05 143449                     /lib/x86_64-linux-gnu/libz.so.1.2.11
7f35bcf33000-7f35bcf34000 r--p 0001b000 08:05 143449                     /lib/x86_64-linux-gnu/libz.so.1.2.11
7f35bcf34000-7f35bcf35000 rw-p 0001c000 08:05 143449                     /lib/x86_64-linux-gnu/libz.so.1.2.11
7f35bcf35000-7f35bcf5c000 r-xp 00000000 08:05 143264                     /lib/x86_64-linux-gnu/ld-2.27.so
7f35bcf67000-7f35bcf68000 r--s 00007000 08:05 2627179                    /home/muchi/.m2/repository/org/slf4j/slf4j-api/1.7.12/slf4j-api-1.7.12.jar
7f35bcf68000-7f35bcf69000 r--s 00000000 08:05 2496254                    /home/muchi/.m2/repository/org/jetbrains/kotlin/kotlin-stdlib-jdk7/1.3.10/kotlin-stdlib-jdk7-1.3.10.jar
7f35bcf69000-7f35bcf6b000 r--s 00005000 08:05 2496303                    /home/muchi/.m2/repository/com/typesafe/scala-logging/scala-logging_2.12/3.5.0/scala-logging_2.12-3.5.0.jar
7f35bcf6b000-7f35bcf6c000 r--s 00001000 08:05 1374470                    /home/muchi/.m2/repository/org/slf4j/slf4j-jdk14/1.7.12/slf4j-jdk14-1.7.12.jar
7f35bcf6c000-7f35bcf6d000 r--s 00002000 08:05 2496258                    /home/muchi/.m2/repository/com/github/shineware/aho-corasick/1.0.9/aho-corasick-1.0.9.jar
7f35bcf6d000-7f35bcf6e000 r--s 00004000 08:05 2496257                    /home/muchi/.m2/repository/com/github/shineware/commons/1.0.1/commons-1.0.1.jar
7f35bcf6e000-7f35bcf70000 r--s 00002000 08:05 2496241                    /home/muchi/.m2/repository/org/jetbrains/kotlin/kotlin-stdlib-jdk8/1.3.10/kotlin-stdlib-jdk8-1.3.10.jar
7f35bcf70000-7f35bcf72000 r--s 00003000 08:05 2496253                    /home/muchi/.m2/repository/org/jetbrains/annotations/13.0/annotations-13.0.jar
7f35bcf72000-7f35bcf79000 r--s 0001e000 08:05 2496252                    /home/muchi/.m2/repository/org/jetbrains/kotlin/kotlin-stdlib-common/1.3.10/kotlin-stdlib-common-1.3.10.jar
7f35bcf79000-7f35bcf7a000 r--s 00000000 08:05 534606                     /home/muchi/.m2/repository/org/slf4j/slf4j-nop/1.7.12/slf4j-nop-1.7.12.jar
7f35bcf7a000-7f35bcf7d000 r--s 016f8000 08:05 2627176                    /home/muchi/.m2/repository/org/bitbucket/eunjeon/seunjeon_2.12/1.5.0/seunjeon_2.12-1.5.0.jar
7f35bcf7d000-7f35bcf80000 r--s 003b9000 08:05 2496235                    /home/muchi/.m2/repository/com/github/shin285/KOMORAN/3.3.4/KOMORAN-3.3.4.jar
7f35bcf80000-7f35bcf83000 r--s 00039000 08:05 2496230                    /home/muchi/.m2/repository/kr/bydelta/koalanlp-core/2.0.4/koalanlp-core-2.0.4.jar
7f35bcf83000-7f35bcf96000 r--s 0010e000 08:05 2496232                    /home/muchi/.m2/repository/org/jetbrains/kotlin/kotlin-stdlib/1.3.10/kotlin-stdlib-1.3.10.jar
7f35bcf96000-7f35bcf97000 r--s 00007000 08:05 2496289                    /home/muchi/.m2/repository/kr/bydelta/koalanlp-eunjeon/2.0.6/koalanlp-eunjeon-2.0.6.jar
7f35bcf97000-7f35bcf98000 r--s 00005000 08:05 2496214                    /home/muchi/.m2/repository/kr/bydelta/koalanlp-kmr/2.0.4/koalanlp-kmr-2.0.4.jar
7f35bcf98000-7f35bcfa0000 r--s 0006e000 08:06 6959                       /media/muchi/새 볼륨/3-2/node_modules/java/commons-lang3-node-java.jar
7f35bcfa0000-7f35bcfaa000 r--s 00116000 08:05 405178                     /usr/lib/jvm/java-8-openjdk-amd64/jre/lib/ext/localedata.jar
7f35bcfaa000-7f35bcfc5000 r--s 00394000 08:05 405174                     /usr/lib/jvm/java-8-openjdk-amd64/jre/lib/ext/cldrdata.jar
7f35bcfc5000-7f35bcfe0000 r--s 001d6000 08:05 405179                     /usr/lib/jvm/java-8-openjdk-amd64/jre/lib/ext/nashorn.jar
7f35bcfe0000-7f35bd030000 rw-p 00000000 00:00 0 
7f35bd030000-7f35bd031000 ---p 00000000 00:00 0 
7f35bd031000-7f35bd13d000 rw-p 00000000 00:00 0 
7f35bd13d000-7f35bd13e000 r--s 0000d000 08:05 405180                     /usr/lib/jvm/java-8-openjdk-amd64/jre/lib/ext/sunec.jar
7f35bd13e000-7f35bd141000 r--s 0000f000 08:05 405176                     /usr/lib/jvm/java-8-openjdk-amd64/jre/lib/ext/icedtea-sound.jar
7f35bd141000-7f35bd146000 r--s 0003c000 08:05 405181                     /usr/lib/jvm/java-8-openjdk-amd64/jre/lib/ext/sunjce_provider.jar
7f35bd146000-7f35bd147000 r--s 00010000 08:05 405183                     /usr/lib/jvm/java-8-openjdk-amd64/jre/lib/ext/zipfs.jar
7f35bd147000-7f35bd14a000 r--s 00039000 08:05 405182                     /usr/lib/jvm/java-8-openjdk-amd64/jre/lib/ext/sunpkcs11.jar
7f35bd14a000-7f35bd14b000 r--s 0000a000 08:05 405177                     /usr/lib/jvm/java-8-openjdk-amd64/jre/lib/ext/jaccess.jar
7f35bd14b000-7f35bd14d000 r--s 00001000 08:05 405175                     /usr/lib/jvm/java-8-openjdk-amd64/jre/lib/ext/dnsns.jar
7f35bd14d000-7f35bd155000 rw-s 00000000 08:05 1972516                    /tmp/hsperfdata_muchi/7053
7f35bd155000-7f35bd156000 rw-p 00000000 00:00 0 
7f35bd156000-7f35bd157000 r--p 00000000 00:00 0 
7f35bd157000-7f35bd158000 ---p 00000000 00:00 0 
7f35bd158000-7f35bd15c000 rw-p 00000000 00:00 0 
7f35bd15c000-7f35bd15d000 r--p 00027000 08:05 143264                     /lib/x86_64-linux-gnu/ld-2.27.so
7f35bd15d000-7f35bd15e000 rw-p 00028000 08:05 143264                     /lib/x86_64-linux-gnu/ld-2.27.so
7f35bd15e000-7f35bd15f000 rw-p 00000000 00:00 0 
7ffe92ddb000-7ffe92dde000 ---p 00000000 00:00 0 
7ffe92dde000-7ffe92edb000 rw-p 00000000 00:00 0                          [stack]
7ffe92fbb000-7ffe92fbe000 r--p 00000000 00:00 0                          [vvar]
7ffe92fbe000-7ffe92fbf000 r-xp 00000000 00:00 0                          [vdso]
ffffffffff600000-ffffffffff601000 r-xp 00000000 00:00 0                  [vsyscall]

VM Arguments:
jvm_args: -Xmx4g -Dfile.encoding=utf-8 
java_command: <unknown>
java_class_path (initial): /media/muchi/새 볼륨/3-2/node_modules/java/commons-lang3-node-java.jar:/media/muchi/새 볼륨/3-2/node_modules/java/src-java:/home/muchi/.m2/repository/kr/bydelta/koalanlp-kmr/2.0.4/koalanlp-kmr-2.0.4.jar:/home/muchi/.m2/repository/kr/bydelta/koalanlp-eunjeon/2.0.6/koalanlp-eunjeon-2.0.6.jar:/home/muchi/.m2/repository/org/jetbrains/kotlin/kotlin-stdlib/1.3.10/kotlin-stdlib-1.3.10.jar:/home/muchi/.m2/repository/kr/bydelta/koalanlp-core/2.0.4/koalanlp-core-2.0.4.jar:/home/muchi/.m2/repository/com/github/shin285/KOMORAN/3.3.4/KOMORAN-3.3.4.jar:/home/muchi/.m2/repository/org/bitbucket/eunjeon/seunjeon_2.12/1.5.0/seunjeon_2.12-1.5.0.jar:/home/muchi/.m2/repository/org/slf4j/slf4j-nop/1.7.12/slf4j-nop-1.7.12.jar:/home/muchi/.m2/repository/org/jetbrains/kotlin/kotlin-stdlib-common/1.3.10/kotlin-stdlib-common-1.3.10.jar:/home/muchi/.m2/repository/org/jetbrains/annotations/13.0/annotations-13.0.jar:/home/muchi/.m2/repository/org/jetbrains/kotlin/kotlin-stdlib-jdk8/1.3.10/kotlin-stdlib-jdk8-1.3.10.jar:/home/muchi/.m2/repository/com/github/shineware/commons/1.0.1/commons-1.0.1.jar:/home/muchi/.m2/repository/com/github/shineware/aho-corasick/1.0.9/aho-corasick-1.0.9.jar:/home/muchi/.m2/repository/org/scala-lang/scala-library/2.12.0/scala-library-2.12.0.jar:/home/muchi/.m2/repository/org/slf4j/slf4j-jdk14/1.7.12/slf4j-jdk14-1.7.12.jar:/home/muchi/.m2/repository/com/typesafe/scala-logging/scala-logging_2.12/3.5.0/scala-logging_2.12-3.5.0.jar:/home/muchi/.m2/repository/org/jetbrains/kotlin/kotlin-stdlib-jdk7/1.3.10/kotlin-stdlib-jdk7-1.3.10.jar:/home/muchi/.m2/repository/org/slf4j/slf4j-api/1.7.12/slf4j-api-1.7.12.jar:/home/muchi/.m2/repository/org/scala-lang/scala-reflect/2.12.0/scala-reflect-2.12.0.jar
Launcher Type: generic

Environment Variables:
PATH=/usr/local/sbin:/usr/local/bin:/usr/sbin:/usr/bin:/sbin:/bin:/usr/games:/usr/local/games:/snap/bin:/usr/lib/jvm/java-8-openjdk-amd64/jre/lib/amd64/server:/usr/lib/jvm/java-8-openjdk-amd64/jre/lib/amd64/server
USERNAME=muchi
SHELL=/bin/bash
DISPLAY=:0

Signal Handlers:
SIGSEGV: [libjvm.so+0xab92f0], sa_mask[0]=11111111011111111101111111111110, sa_flags=SA_RESTART|SA_SIGINFO
SIGBUS: [libjvm.so+0xab92f0], sa_mask[0]=11111111011111111101111111111110, sa_flags=SA_RESTART|SA_SIGINFO
SIGFPE: [libjvm.so+0x8ee560], sa_mask[0]=11111111011111111101111111111110, sa_flags=SA_RESTART|SA_SIGINFO
SIGPIPE: [libjvm.so+0x8ee560], sa_mask[0]=11111111011111111101111111111110, sa_flags=SA_RESTART|SA_SIGINFO
SIGXFSZ: [libjvm.so+0x8ee560], sa_mask[0]=11111111011111111101111111111110, sa_flags=SA_RESTART|SA_SIGINFO
SIGILL: [libjvm.so+0x8ee560], sa_mask[0]=11111111011111111101111111111110, sa_flags=SA_RESTART|SA_SIGINFO
SIGUSR1: [+0xc572b0], sa_mask[0]=11111111011111111101111111111110, sa_flags=none
SIGUSR2: [libjvm.so+0x8ee410], sa_mask[0]=00000000000000000000000000000000, sa_flags=SA_RESTART|SA_SIGINFO
SIGHUP: [libjvm.so+0x8eea80], sa_mask[0]=11111111011111111101111111111110, sa_flags=SA_RESTART|SA_SIGINFO
SIGINT: [libjvm.so+0x8eea80], sa_mask[0]=11111111011111111101111111111110, sa_flags=SA_RESTART|SA_SIGINFO
SIGTERM: [libjvm.so+0x8eea80], sa_mask[0]=11111111011111111101111111111110, sa_flags=SA_RESTART|SA_SIGINFO
SIGQUIT: [libjvm.so+0x8eea80], sa_mask[0]=11111111011111111101111111111110, sa_flags=SA_RESTART|SA_SIGINFO


---------------  S Y S T E M  ---------------

OS:DISTRIB_ID=Ubuntu
DISTRIB_RELEASE=18.04
DISTRIB_CODENAME=bionic
DISTRIB_DESCRIPTION="Ubuntu 18.04.3 LTS"

uname:Linux 5.0.0-27-generic #28~18.04.1-Ubuntu SMP Thu Aug 22 03:00:32 UTC 2019 x86_64
libc:glibc 2.27 NPTL 2.27 
rlimit: STACK 8192k, CORE 0k, NPROC 63480, NOFILE 1048576, AS infinity
load average:1.04 0.77 0.63

/proc/meminfo:
MemTotal:       16298696 kB
MemFree:         9012996 kB
MemAvailable:   11464576 kB
Buffers:          355248 kB
Cached:          2432288 kB
SwapCached:            0 kB
Active:          4965036 kB
Inactive:        1641468 kB
Active(anon):    3748308 kB
Inactive(anon):   315296 kB
Active(file):    1216728 kB
Inactive(file):  1326172 kB
Unevictable:       53188 kB
Mlocked:              20 kB
SwapTotal:       2097148 kB
SwapFree:        2097148 kB
Dirty:              2552 kB
Writeback:             0 kB
AnonPages:       3872320 kB
Mapped:          1039988 kB
Shmem:            385640 kB
KReclaimable:     250892 kB
Slab:             335872 kB
SReclaimable:     250892 kB
SUnreclaim:        84980 kB
KernelStack:       21040 kB
PageTables:        81196 kB
NFS_Unstable:          0 kB
Bounce:                0 kB
WritebackTmp:          0 kB
CommitLimit:    10246496 kB
Committed_AS:   12219440 kB
VmallocTotal:   34359738367 kB
VmallocUsed:           0 kB
VmallocChunk:          0 kB
Percpu:             2528 kB
HardwareCorrupted:     0 kB
AnonHugePages:         0 kB
ShmemHugePages:        0 kB
ShmemPmdMapped:        0 kB
CmaTotal:              0 kB
CmaFree:               0 kB
HugePages_Total:       0
HugePages_Free:        0
HugePages_Rsvd:        0
HugePages_Surp:        0
Hugepagesize:       2048 kB
Hugetlb:               0 kB
DirectMap4k:      439636 kB
DirectMap2M:     9922560 kB
DirectMap1G:     6291456 kB

container (cgroup) information:
container_type: cgroupv1
cpu_cpuset_cpus: 0-7
cpu_memory_nodes: 0
active_processor_count: 8
cpu_quota: -1
cpu_period: 100000
cpu_shares: -1
memory_limit_in_bytes: -1
memory_and_swap_limit_in_bytes: -2
memory_soft_limit_in_bytes: -1
memory_usage_in_bytes: 6819971072
memory_max_usage_in_bytes: 0


CPU:total 8 (initial active 8) (4 cores per cpu, 2 threads per core) family 6 model 94 stepping 3, cmov, cx8, fxsr, mmx, sse, sse2, sse3, ssse3, sse4.1, sse4.2, popcnt, avx, avx2, aes, clmul, erms, rtm, 3dnowpref, lzcnt, ht, tsc, tscinvbit, bmi1, bmi2, adx

/proc/cpuinfo:
processor	: 0
vendor_id	: GenuineIntel
cpu family	: 6
model		: 94
model name	: Intel(R) Core(TM) i7-6700HQ CPU @ 2.60GHz
stepping	: 3
microcode	: 0xcc
cpu MHz		: 2447.327
cache size	: 6144 KB
physical id	: 0
siblings	: 8
core id		: 0
cpu cores	: 4
apicid		: 0
initial apicid	: 0
fpu		: yes
fpu_exception	: yes
cpuid level	: 22
wp		: yes
flags		: fpu vme de pse tsc msr pae mce cx8 apic sep mtrr pge mca cmov pat pse36 clflush dts acpi mmx fxsr sse sse2 ss ht tm pbe syscall nx pdpe1gb rdtscp lm constant_tsc art arch_perfmon pebs bts rep_good nopl xtopology nonstop_tsc cpuid aperfmperf tsc_known_freq pni pclmulqdq dtes64 monitor ds_cpl vmx est tm2 ssse3 sdbg fma cx16 xtpr pdcm pcid sse4_1 sse4_2 x2apic movbe popcnt tsc_deadline_timer aes xsave avx f16c rdrand lahf_lm abm 3dnowprefetch cpuid_fault epb invpcid_single pti ssbd ibrs ibpb stibp tpr_shadow vnmi flexpriority ept vpid ept_ad fsgsbase tsc_adjust bmi1 hle avx2 smep bmi2 erms invpcid rtm mpx rdseed adx smap clflushopt intel_pt xsaveopt xsavec xgetbv1 xsaves dtherm ida arat pln pts hwp hwp_notify hwp_act_window hwp_epp md_clear flush_l1d
bugs		: cpu_meltdown spectre_v1 spectre_v2 spec_store_bypass l1tf mds swapgs
bogomips	: 5184.00
clflush size	: 64
cache_alignment	: 64
address sizes	: 39 bits physical, 48 bits virtual
power management:

processor	: 1
vendor_id	: GenuineIntel
cpu family	: 6
model		: 94
model name	: Intel(R) Core(TM) i7-6700HQ CPU @ 2.60GHz
stepping	: 3
microcode	: 0xcc
cpu MHz		: 2525.005
cache size	: 6144 KB
physical id	: 0
siblings	: 8
core id		: 1
cpu cores	: 4
apicid		: 2
initial apicid	: 2
fpu		: yes
fpu_exception	: yes
cpuid level	: 22
wp		: yes
flags		: fpu vme de pse tsc msr pae mce cx8 apic sep mtrr pge mca cmov pat pse36 clflush dts acpi mmx fxsr sse sse2 ss ht tm pbe syscall nx pdpe1gb rdtscp lm constant_tsc art arch_perfmon pebs bts rep_good nopl xtopology nonstop_tsc cpuid aperfmperf tsc_known_freq pni pclmulqdq dtes64 monitor ds_cpl vmx est tm2 ssse3 sdbg fma cx16 xtpr pdcm pcid sse4_1 sse4_2 x2apic movbe popcnt tsc_deadline_timer aes xsave avx f16c rdrand lahf_lm abm 3dnowprefetch cpuid_fault epb invpcid_single pti ssbd ibrs ibpb stibp tpr_shadow vnmi flexpriority ept vpid ept_ad fsgsbase tsc_adjust bmi1 hle avx2 smep bmi2 erms invpcid rtm mpx rdseed adx smap clflushopt intel_pt xsaveopt xsavec xgetbv1 xsaves dtherm ida arat pln pts hwp hwp_notify hwp_act_window hwp_epp md_clear flush_l1d
bugs		: cpu_meltdown spectre_v1 spectre_v2 spec_store_bypass l1tf mds swapgs
bogomips	: 5184.00
clflush size	: 64
cache_alignment	: 64
address sizes	: 39 bits physical, 48 bits virtual
power management:

processor	: 2
vendor_id	: GenuineIntel
cpu family	: 6
model		: 94
model name	: Intel(R) Core(TM) i7-6700HQ CPU @ 2.60GHz
stepping	: 3
microcode	: 0xcc
cpu MHz		: 2805.079
cache size	: 6144 KB
physical id	: 0
siblings	: 8
core id		: 2
cpu cores	: 4
apicid		: 4
initial apicid	: 4
fpu		: yes
fpu_exception	: yes
cpuid level	: 22
wp		: yes
flags		: fpu vme de pse tsc msr pae mce cx8 apic sep mtrr pge mca cmov pat pse36 clflush dts acpi mmx fxsr sse sse2 ss ht tm pbe syscall nx pdpe1gb rdtscp lm constant_tsc art arch_perfmon pebs bts rep_good nopl xtopology nonstop_tsc cpuid aperfmperf tsc_known_freq pni pclmulqdq dtes64 monitor ds_cpl vmx est tm2 ssse3 sdbg fma cx16 xtpr pdcm pcid sse4_1 sse4_2 x2apic movbe popcnt tsc_deadline_timer aes xsave avx f16c rdrand lahf_lm abm 3dnowprefetch cpuid_fault epb invpcid_single pti ssbd ibrs ibpb stibp tpr_shadow vnmi flexpriority ept vpid ept_ad fsgsbase tsc_adjust bmi1 hle avx2 smep bmi2 erms invpcid rtm mpx rdseed adx smap clflushopt intel_pt xsaveopt xsavec xgetbv1 xsaves dtherm ida arat pln pts hwp hwp_notify hwp_act_window hwp_epp md_clear flush_l1d
bugs		: cpu_meltdown spectre_v1 spectre_v2 spec_store_bypass l1tf mds swapgs
bogomips	: 5184.00
clflush size	: 64
cache_alignment	: 64
address sizes	: 39 bits physical, 48 bits virtual
power management:

processor	: 3
vendor_id	: GenuineIntel
cpu family	: 6
model		: 94
model name	: Intel(R) Core(TM) i7-6700HQ CPU @ 2.60GHz
stepping	: 3
microcode	: 0xcc
cpu MHz		: 1491.807
cache size	: 6144 KB
physical id	: 0
siblings	: 8
core id		: 3
cpu cores	: 4
apicid		: 6
initial apicid	: 6
fpu		: yes
fpu_exception	: yes
cpuid level	: 22
wp		: yes
flags		: fpu vme de pse tsc msr pae mce cx8 apic sep mtrr pge mca cmov pat pse36 clflush dts acpi mmx fxsr sse sse2 ss ht tm pbe syscall nx pdpe1gb rdtscp lm constant_tsc art arch_perfmon pebs bts rep_good nopl xtopology nonstop_tsc cpuid aperfmperf tsc_known_freq pni pclmulqdq dtes64 monitor ds_cpl vmx est tm2 ssse3 sdbg fma cx16 xtpr pdcm pcid sse4_1 sse4_2 x2apic movbe popcnt tsc_deadline_timer aes xsave avx f16c rdrand lahf_lm abm 3dnowprefetch cpuid_fault epb invpcid_single pti ssbd ibrs ibpb stibp tpr_shadow vnmi flexpriority ept vpid ept_ad fsgsbase tsc_adjust bmi1 hle avx2 smep bmi2 erms invpcid rtm mpx rdseed adx smap clflushopt intel_pt xsaveopt xsavec xgetbv1 xsaves dtherm ida arat pln pts hwp hwp_notify hwp_act_window hwp_epp md_clear flush_l1d
bugs		: cpu_meltdown spectre_v1 spectre_v2 spec_store_bypass l1tf mds swapgs
bogomips	: 5184.00
clflush size	: 64
cache_alignment	: 64
address sizes	: 39 bits physical, 48 bits virtual
power management:

processor	: 4
vendor_id	: GenuineIntel
cpu family	: 6
model		: 94
model name	: Intel(R) Core(TM) i7-6700HQ CPU @ 2.60GHz
stepping	: 3
microcode	: 0xcc
cpu MHz		: 2466.773
cache size	: 6144 KB
physical id	: 0
siblings	: 8
core id		: 0
cpu cores	: 4
apicid		: 1
initial apicid	: 1
fpu		: yes
fpu_exception	: yes
cpuid level	: 22
wp		: yes
flags		: fpu vme de pse tsc msr pae mce cx8 apic sep mtrr pge mca cmov pat pse36 clflush dts acpi mmx fxsr sse sse2 ss ht tm pbe syscall nx pdpe1gb rdtscp lm constant_tsc art arch_perfmon pebs bts rep_good nopl xtopology nonstop_tsc cpuid aperfmperf tsc_known_freq pni pclmulqdq dtes64 monitor ds_cpl vmx est tm2 ssse3 sdbg fma cx16 xtpr pdcm pcid sse4_1 sse4_2 x2apic movbe popcnt tsc_deadline_timer aes xsave avx f16c rdrand lahf_lm abm 3dnowprefetch cpuid_fault epb invpcid_single pti ssbd ibrs ibpb stibp tpr_shadow vnmi flexpriority ept vpid ept_ad fsgsbase tsc_adjust bmi1 hle avx2 smep bmi2 erms invpcid rtm mpx rdseed adx smap clflushopt intel_pt xsaveopt xsavec xgetbv1 xsaves dtherm ida arat pln pts hwp hwp_notify hwp_act_window hwp_epp md_clear flush_l1d
bugs		: cpu_meltdown spectre_v1 spectre_v2 spec_store_bypass l1tf mds swapgs
bogomips	: 5184.00
clflush size	: 64
cache_alignment	: 64
address sizes	: 39 bits physical, 48 bits virtual
power management:

processor	: 5
vendor_id	: GenuineIntel
cpu family	: 6
model		: 94
model name	: Intel(R) Core(TM) i7-6700HQ CPU @ 2.60GHz
stepping	: 3
microcode	: 0xcc
cpu MHz		: 2275.291
cache size	: 6144 KB
physical id	: 0
siblings	: 8
core id		: 1
cpu cores	: 4
apicid		: 3
initial apicid	: 3
fpu		: yes
fpu_exception	: yes
cpuid level	: 22
wp		: yes
flags		: fpu vme de pse tsc msr pae mce cx8 apic sep mtrr pge mca cmov pat pse36 clflush dts acpi mmx fxsr sse sse2 ss ht tm pbe syscall nx pdpe1gb rdtscp lm constant_tsc art arch_perfmon pebs bts rep_good nopl xtopology nonstop_tsc cpuid aperfmperf tsc_known_freq pni pclmulqdq dtes64 monitor ds_cpl vmx est tm2 ssse3 sdbg fma cx16 xtpr pdcm pcid sse4_1 sse4_2 x2apic movbe popcnt tsc_deadline_timer aes xsave avx f16c rdrand lahf_lm abm 3dnowprefetch cpuid_fault epb invpcid_single pti ssbd ibrs ibpb stibp tpr_shadow vnmi flexpriority ept vpid ept_ad fsgsbase tsc_adjust bmi1 hle avx2 smep bmi2 erms invpcid rtm mpx rdseed adx smap clflushopt intel_pt xsaveopt xsavec xgetbv1 xsaves dtherm ida arat pln pts hwp hwp_notify hwp_act_window hwp_epp md_clear flush_l1d
bugs		: cpu_meltdown spectre_v1 spectre_v2 spec_store_bypass l1tf mds swapgs
bogomips	: 5184.00
clflush size	: 64
cache_alignment	: 64
address sizes	: 39 bits physical, 48 bits virtual
power management:

processor	: 6
vendor_id	: GenuineIntel
cpu family	: 6
model		: 94
model name	: Intel(R) Core(TM) i7-6700HQ CPU @ 2.60GHz
stepping	: 3
microcode	: 0xcc
cpu MHz		: 2756.540
cache size	: 6144 KB
physical id	: 0
siblings	: 8
core id		: 2
cpu cores	: 4
apicid		: 5
initial apicid	: 5
fpu		: yes
fpu_exception	: yes
cpuid level	: 22
wp		: yes
flags		: fpu vme de pse tsc msr pae mce cx8 apic sep mtrr pge mca cmov pat pse36 clflush dts acpi mmx fxsr sse sse2 ss ht tm pbe syscall nx pdpe1gb rdtscp lm constant_tsc art arch_perfmon pebs bts rep_good nopl xtopology nonstop_tsc cpuid aperfmperf tsc_known_freq pni pclmulqdq dtes64 monitor ds_cpl vmx est tm2 ssse3 sdbg fma cx16 xtpr pdcm pcid sse4_1 sse4_2 x2apic movbe popcnt tsc_deadline_timer aes xsave avx f16c rdrand lahf_lm abm 3dnowprefetch cpuid_fault epb invpcid_single pti ssbd ibrs ibpb stibp tpr_shadow vnmi flexpriority ept vpid ept_ad fsgsbase tsc_adjust bmi1 hle avx2 smep bmi2 erms invpcid rtm mpx rdseed adx smap clflushopt intel_pt xsaveopt xsavec xgetbv1 xsaves dtherm ida arat pln pts hwp hwp_notify hwp_act_window hwp_epp md_clear flush_l1d
bugs		: cpu_meltdown spectre_v1 spectre_v2 spec_store_bypass l1tf mds swapgs
bogomips	: 5184.00
clflush size	: 64
cache_alignment	: 64
address sizes	: 39 bits physical, 48 bits virtual
power management:

processor	: 7
vendor_id	: GenuineIntel
cpu family	: 6
model		: 94
model name	: Intel(R) Core(TM) i7-6700HQ CPU @ 2.60GHz
stepping	: 3
microcode	: 0xcc
cpu MHz		: 2300.460
cache size	: 6144 KB
physical id	: 0
siblings	: 8
core id		: 3
cpu cores	: 4
apicid		: 7
initial apicid	: 7
fpu		: yes
fpu_exception	: yes
cpuid level	: 22
wp		: yes
flags		: fpu vme de pse tsc msr pae mce cx8 apic sep mtrr pge mca cmov pat pse36 clflush dts acpi mmx fxsr sse sse2 ss ht tm pbe syscall nx pdpe1gb rdtscp lm constant_tsc art arch_perfmon pebs bts rep_good nopl xtopology nonstop_tsc cpuid aperfmperf tsc_known_freq pni pclmulqdq dtes64 monitor ds_cpl vmx est tm2 ssse3 sdbg fma cx16 xtpr pdcm pcid sse4_1 sse4_2 x2apic movbe popcnt tsc_deadline_timer aes xsave avx f16c rdrand lahf_lm abm 3dnowprefetch cpuid_fault epb invpcid_single pti ssbd ibrs ibpb stibp tpr_shadow vnmi flexpriority ept vpid ept_ad fsgsbase tsc_adjust bmi1 hle avx2 smep bmi2 erms invpcid rtm mpx rdseed adx smap clflushopt intel_pt xsaveopt xsavec xgetbv1 xsaves dtherm ida arat pln pts hwp hwp_notify hwp_act_window hwp_epp md_clear flush_l1d
bugs		: cpu_meltdown spectre_v1 spectre_v2 spec_store_bypass l1tf mds swapgs
bogomips	: 5184.00
clflush size	: 64
cache_alignment	: 64
address sizes	: 39 bits physical, 48 bits virtual
power management:



Memory: 4k page, physical 16298696k(9013256k free), swap 2097148k(2097148k free)

vm_info: OpenJDK 64-Bit Server VM (25.222-b10) for linux-amd64 JRE (1.8.0_222-8u222-b10-1ubuntu1~18.04.1-b10), built on Jul 18 2019 18:52:48 by "buildd" with gcc 7.4.0

time: Tue Sep 17 19:41:11 2019
timezone: KST
elapsed time: 9 seconds (0d 0h 0m 9s)

